{"numFailedTestSuites":2,"numFailedTests":15,"numPassedTestSuites":14,"numPassedTests":244,"numPendingTestSuites":0,"numPendingTests":0,"numRuntimeErrorTestSuites":0,"numTodoTests":0,"numTotalTestSuites":16,"numTotalTests":259,"openHandles":[],"snapshot":{"added":0,"didUpdate":false,"failure":false,"filesAdded":0,"filesRemoved":0,"filesRemovedList":[],"filesUnmatched":0,"filesUpdated":0,"matched":0,"total":0,"unchecked":0,"uncheckedKeysByFile":[],"unmatched":0,"updated":0},"startTime":1768775254100,"success":false,"testResults":[{"assertionResults":[{"ancestorTitles":["Client Main Script (main.ts) - Join Link Only"],"duration":18,"failureDetails":[{}],"failureMessages":["\u001b[1m\u001b[31mJest encountered an unexpected token\u001b[39m\u001b[22m\n\nJest failed to parse a file. This happens e.g. when your code or its dependencies use non-standard JavaScript syntax, or when Jest is not configured to support such syntax.\n\nOut of the box Jest supports Babel, which will be used to transform your files into valid JS based on your Babel configuration.\n\nBy default \"node_modules\" folder is ignored by transformers.\n\nHere's what you can do:\n • If you are trying to use ECMAScript Modules, see \u001b[4mhttps://jestjs.io/docs/ecmascript-modules\u001b[24m for how to enable it.\n • If you are trying to use TypeScript, see \u001b[4mhttps://jestjs.io/docs/getting-started#using-typescript\u001b[24m\n • To have some of your \"node_modules\" files transformed, you can specify a custom \u001b[1m\"transformIgnorePatterns\"\u001b[22m in your config.\n • If you need a custom transformation specify a \u001b[1m\"transform\"\u001b[22m option in your config.\n • If you simply want to mock your non-JS modules (e.g. binary assets) you can stub them out with the \u001b[1m\"moduleNameMapper\"\u001b[22m config option.\n\nYou'll find more details and examples of these config options in the docs:\n\u001b[36mhttps://jestjs.io/docs/configuration\u001b[39m\nFor information about custom transformations, see:\n\u001b[36mhttps://jestjs.io/docs/code-transformation\u001b[39m\n\n\u001b[1m\u001b[31mDetails:\u001b[39m\u001b[22m\n\nC:\\Top-That-Refactor\\public\\scripts\\main.ts:17\nif (import.meta.env.MODE !== 'production' || globalThis.process?.env?.NODE_ENV !== 'production') {\n           ^^^^\n\nSyntaxError: Cannot use 'import.meta' outside a module\n    at new Script (node:vm:117:7)\n    at Runtime.createScriptFromCode (C:\\Top-That-Refactor\\node_modules\\jest-runtime\\build\\index.js:1505:14)\n    at Runtime._execModule (C:\\Top-That-Refactor\\node_modules\\jest-runtime\\build\\index.js:1399:25)\n    at Runtime._loadModule (C:\\Top-That-Refactor\\node_modules\\jest-runtime\\build\\index.js:1022:12)\n    at Runtime.requireModule (C:\\Top-That-Refactor\\node_modules\\jest-runtime\\build\\index.js:882:12)\n    at Runtime.requireModuleOrMock (C:\\Top-That-Refactor\\node_modules\\jest-runtime\\build\\index.js:1048:21)\n    at require (C:\\Top-That-Refactor\\tests\\main.joinlink.test.ts:61:26)\n    at Object.<anonymous> (C:\\Top-That-Refactor\\tests\\main.joinlink.test.ts:61:26)"],"fullName":"Client Main Script (main.ts) - Join Link Only should handle join link in URL and emit JOIN_GAME","invocations":1,"location":null,"numPassingAsserts":0,"retryReasons":[],"status":"failed","title":"should handle join link in URL and emit JOIN_GAME"},{"ancestorTitles":["Client Main Script (main.ts) - Join Link Only"],"duration":5,"failureDetails":[{}],"failureMessages":["\u001b[1m\u001b[31mJest encountered an unexpected token\u001b[39m\u001b[22m\n\nJest failed to parse a file. This happens e.g. when your code or its dependencies use non-standard JavaScript syntax, or when Jest is not configured to support such syntax.\n\nOut of the box Jest supports Babel, which will be used to transform your files into valid JS based on your Babel configuration.\n\nBy default \"node_modules\" folder is ignored by transformers.\n\nHere's what you can do:\n • If you are trying to use ECMAScript Modules, see \u001b[4mhttps://jestjs.io/docs/ecmascript-modules\u001b[24m for how to enable it.\n • If you are trying to use TypeScript, see \u001b[4mhttps://jestjs.io/docs/getting-started#using-typescript\u001b[24m\n • To have some of your \"node_modules\" files transformed, you can specify a custom \u001b[1m\"transformIgnorePatterns\"\u001b[22m in your config.\n • If you need a custom transformation specify a \u001b[1m\"transform\"\u001b[22m option in your config.\n • If you simply want to mock your non-JS modules (e.g. binary assets) you can stub them out with the \u001b[1m\"moduleNameMapper\"\u001b[22m config option.\n\nYou'll find more details and examples of these config options in the docs:\n\u001b[36mhttps://jestjs.io/docs/configuration\u001b[39m\nFor information about custom transformations, see:\n\u001b[36mhttps://jestjs.io/docs/code-transformation\u001b[39m\n\n\u001b[1m\u001b[31mDetails:\u001b[39m\u001b[22m\n\nC:\\Top-That-Refactor\\public\\scripts\\main.ts:17\nif (import.meta.env.MODE !== 'production' || globalThis.process?.env?.NODE_ENV !== 'production') {\n           ^^^^\n\nSyntaxError: Cannot use 'import.meta' outside a module\n    at new Script (node:vm:117:7)\n    at Runtime.createScriptFromCode (C:\\Top-That-Refactor\\node_modules\\jest-runtime\\build\\index.js:1505:14)\n    at Runtime._execModule (C:\\Top-That-Refactor\\node_modules\\jest-runtime\\build\\index.js:1399:25)\n    at Runtime._loadModule (C:\\Top-That-Refactor\\node_modules\\jest-runtime\\build\\index.js:1022:12)\n    at Runtime.requireModule (C:\\Top-That-Refactor\\node_modules\\jest-runtime\\build\\index.js:882:12)\n    at Runtime.requireModuleOrMock (C:\\Top-That-Refactor\\node_modules\\jest-runtime\\build\\index.js:1048:21)\n    at require (C:\\Top-That-Refactor\\tests\\main.joinlink.test.ts:94:7)\n    at Runtime.isolateModulesAsync (C:\\Top-That-Refactor\\node_modules\\jest-runtime\\build\\index.js:1100:13)\n    at Object.isolateModulesAsync (C:\\Top-That-Refactor\\node_modules\\jest-runtime\\build\\index.js:1996:19)\n    at Object.isolateModulesAsync (C:\\Top-That-Refactor\\tests\\main.joinlink.test.ts:93:16)\n    at Promise.then.completed (C:\\Top-That-Refactor\\node_modules\\jest-circus\\build\\utils.js:298:28)\n    at new Promise (<anonymous>)\n    at callAsyncCircusFn (C:\\Top-That-Refactor\\node_modules\\jest-circus\\build\\utils.js:231:10)\n    at _callCircusTest (C:\\Top-That-Refactor\\node_modules\\jest-circus\\build\\run.js:316:40)\n    at _runTest (C:\\Top-That-Refactor\\node_modules\\jest-circus\\build\\run.js:252:3)\n    at _runTestsForDescribeBlock (C:\\Top-That-Refactor\\node_modules\\jest-circus\\build\\run.js:126:9)\n    at _runTestsForDescribeBlock (C:\\Top-That-Refactor\\node_modules\\jest-circus\\build\\run.js:121:9)\n    at run (C:\\Top-That-Refactor\\node_modules\\jest-circus\\build\\run.js:71:3)\n    at runAndTransformResultsToJestFormat (C:\\Top-That-Refactor\\node_modules\\jest-circus\\build\\legacy-code-todo-rewrite\\jestAdapterInit.js:122:21)\n    at jestAdapter (C:\\Top-That-Refactor\\node_modules\\jest-circus\\build\\legacy-code-todo-rewrite\\jestAdapter.js:79:19)\n    at runTestInternal (C:\\Top-That-Refactor\\node_modules\\jest-runner\\build\\runTest.js:367:16)\n    at runTest (C:\\Top-That-Refactor\\node_modules\\jest-runner\\build\\runTest.js:444:34)"],"fullName":"Client Main Script (main.ts) - Join Link Only should do nothing if no room param in URL","invocations":1,"location":null,"numPassingAsserts":0,"retryReasons":[],"status":"failed","title":"should do nothing if no room param in URL"},{"ancestorTitles":["Client Main Script (main.ts) - Join Link Only"],"duration":4,"failureDetails":[{}],"failureMessages":["\u001b[1m\u001b[31mJest encountered an unexpected token\u001b[39m\u001b[22m\n\nJest failed to parse a file. This happens e.g. when your code or its dependencies use non-standard JavaScript syntax, or when Jest is not configured to support such syntax.\n\nOut of the box Jest supports Babel, which will be used to transform your files into valid JS based on your Babel configuration.\n\nBy default \"node_modules\" folder is ignored by transformers.\n\nHere's what you can do:\n • If you are trying to use ECMAScript Modules, see \u001b[4mhttps://jestjs.io/docs/ecmascript-modules\u001b[24m for how to enable it.\n • If you are trying to use TypeScript, see \u001b[4mhttps://jestjs.io/docs/getting-started#using-typescript\u001b[24m\n • To have some of your \"node_modules\" files transformed, you can specify a custom \u001b[1m\"transformIgnorePatterns\"\u001b[22m in your config.\n • If you need a custom transformation specify a \u001b[1m\"transform\"\u001b[22m option in your config.\n • If you simply want to mock your non-JS modules (e.g. binary assets) you can stub them out with the \u001b[1m\"moduleNameMapper\"\u001b[22m config option.\n\nYou'll find more details and examples of these config options in the docs:\n\u001b[36mhttps://jestjs.io/docs/configuration\u001b[39m\nFor information about custom transformations, see:\n\u001b[36mhttps://jestjs.io/docs/code-transformation\u001b[39m\n\n\u001b[1m\u001b[31mDetails:\u001b[39m\u001b[22m\n\nC:\\Top-That-Refactor\\public\\scripts\\main.ts:17\nif (import.meta.env.MODE !== 'production' || globalThis.process?.env?.NODE_ENV !== 'production') {\n           ^^^^\n\nSyntaxError: Cannot use 'import.meta' outside a module\n    at new Script (node:vm:117:7)\n    at Runtime.createScriptFromCode (C:\\Top-That-Refactor\\node_modules\\jest-runtime\\build\\index.js:1505:14)\n    at Runtime._execModule (C:\\Top-That-Refactor\\node_modules\\jest-runtime\\build\\index.js:1399:25)\n    at Runtime._loadModule (C:\\Top-That-Refactor\\node_modules\\jest-runtime\\build\\index.js:1022:12)\n    at Runtime.requireModule (C:\\Top-That-Refactor\\node_modules\\jest-runtime\\build\\index.js:882:12)\n    at Runtime.requireModuleOrMock (C:\\Top-That-Refactor\\node_modules\\jest-runtime\\build\\index.js:1048:21)\n    at require (C:\\Top-That-Refactor\\tests\\main.joinlink.test.ts:111:7)\n    at Runtime.isolateModulesAsync (C:\\Top-That-Refactor\\node_modules\\jest-runtime\\build\\index.js:1100:13)\n    at Object.isolateModulesAsync (C:\\Top-That-Refactor\\node_modules\\jest-runtime\\build\\index.js:1996:19)\n    at Object.isolateModulesAsync (C:\\Top-That-Refactor\\tests\\main.joinlink.test.ts:110:16)\n    at Promise.then.completed (C:\\Top-That-Refactor\\node_modules\\jest-circus\\build\\utils.js:298:28)\n    at new Promise (<anonymous>)\n    at callAsyncCircusFn (C:\\Top-That-Refactor\\node_modules\\jest-circus\\build\\utils.js:231:10)\n    at _callCircusTest (C:\\Top-That-Refactor\\node_modules\\jest-circus\\build\\run.js:316:40)\n    at _runTest (C:\\Top-That-Refactor\\node_modules\\jest-circus\\build\\run.js:252:3)\n    at _runTestsForDescribeBlock (C:\\Top-That-Refactor\\node_modules\\jest-circus\\build\\run.js:126:9)\n    at _runTestsForDescribeBlock (C:\\Top-That-Refactor\\node_modules\\jest-circus\\build\\run.js:121:9)\n    at run (C:\\Top-That-Refactor\\node_modules\\jest-circus\\build\\run.js:71:3)\n    at runAndTransformResultsToJestFormat (C:\\Top-That-Refactor\\node_modules\\jest-circus\\build\\legacy-code-todo-rewrite\\jestAdapterInit.js:122:21)\n    at jestAdapter (C:\\Top-That-Refactor\\node_modules\\jest-circus\\build\\legacy-code-todo-rewrite\\jestAdapter.js:79:19)\n    at runTestInternal (C:\\Top-That-Refactor\\node_modules\\jest-runner\\build\\runTest.js:367:16)\n    at runTest (C:\\Top-That-Refactor\\node_modules\\jest-runner\\build\\runTest.js:444:34)"],"fullName":"Client Main Script (main.ts) - Join Link Only should do nothing if room param is empty","invocations":1,"location":null,"numPassingAsserts":0,"retryReasons":[],"status":"failed","title":"should do nothing if room param is empty"},{"ancestorTitles":["Client Main Script (main.ts) - Join Link Only"],"duration":4,"failureDetails":[{}],"failureMessages":["\u001b[1m\u001b[31mJest encountered an unexpected token\u001b[39m\u001b[22m\n\nJest failed to parse a file. This happens e.g. when your code or its dependencies use non-standard JavaScript syntax, or when Jest is not configured to support such syntax.\n\nOut of the box Jest supports Babel, which will be used to transform your files into valid JS based on your Babel configuration.\n\nBy default \"node_modules\" folder is ignored by transformers.\n\nHere's what you can do:\n • If you are trying to use ECMAScript Modules, see \u001b[4mhttps://jestjs.io/docs/ecmascript-modules\u001b[24m for how to enable it.\n • If you are trying to use TypeScript, see \u001b[4mhttps://jestjs.io/docs/getting-started#using-typescript\u001b[24m\n • To have some of your \"node_modules\" files transformed, you can specify a custom \u001b[1m\"transformIgnorePatterns\"\u001b[22m in your config.\n • If you need a custom transformation specify a \u001b[1m\"transform\"\u001b[22m option in your config.\n • If you simply want to mock your non-JS modules (e.g. binary assets) you can stub them out with the \u001b[1m\"moduleNameMapper\"\u001b[22m config option.\n\nYou'll find more details and examples of these config options in the docs:\n\u001b[36mhttps://jestjs.io/docs/configuration\u001b[39m\nFor information about custom transformations, see:\n\u001b[36mhttps://jestjs.io/docs/code-transformation\u001b[39m\n\n\u001b[1m\u001b[31mDetails:\u001b[39m\u001b[22m\n\nC:\\Top-That-Refactor\\public\\scripts\\main.ts:17\nif (import.meta.env.MODE !== 'production' || globalThis.process?.env?.NODE_ENV !== 'production') {\n           ^^^^\n\nSyntaxError: Cannot use 'import.meta' outside a module\n    at new Script (node:vm:117:7)\n    at Runtime.createScriptFromCode (C:\\Top-That-Refactor\\node_modules\\jest-runtime\\build\\index.js:1505:14)\n    at Runtime._execModule (C:\\Top-That-Refactor\\node_modules\\jest-runtime\\build\\index.js:1399:25)\n    at Runtime._loadModule (C:\\Top-That-Refactor\\node_modules\\jest-runtime\\build\\index.js:1022:12)\n    at Runtime.requireModule (C:\\Top-That-Refactor\\node_modules\\jest-runtime\\build\\index.js:882:12)\n    at Runtime.requireModuleOrMock (C:\\Top-That-Refactor\\node_modules\\jest-runtime\\build\\index.js:1048:21)\n    at require (C:\\Top-That-Refactor\\tests\\main.joinlink.test.ts:129:7)\n    at Runtime.isolateModulesAsync (C:\\Top-That-Refactor\\node_modules\\jest-runtime\\build\\index.js:1100:13)\n    at Object.isolateModulesAsync (C:\\Top-That-Refactor\\node_modules\\jest-runtime\\build\\index.js:1996:19)\n    at Object.isolateModulesAsync (C:\\Top-That-Refactor\\tests\\main.joinlink.test.ts:128:16)\n    at Promise.then.completed (C:\\Top-That-Refactor\\node_modules\\jest-circus\\build\\utils.js:298:28)\n    at new Promise (<anonymous>)\n    at callAsyncCircusFn (C:\\Top-That-Refactor\\node_modules\\jest-circus\\build\\utils.js:231:10)\n    at _callCircusTest (C:\\Top-That-Refactor\\node_modules\\jest-circus\\build\\run.js:316:40)\n    at _runTest (C:\\Top-That-Refactor\\node_modules\\jest-circus\\build\\run.js:252:3)\n    at _runTestsForDescribeBlock (C:\\Top-That-Refactor\\node_modules\\jest-circus\\build\\run.js:126:9)\n    at _runTestsForDescribeBlock (C:\\Top-That-Refactor\\node_modules\\jest-circus\\build\\run.js:121:9)\n    at run (C:\\Top-That-Refactor\\node_modules\\jest-circus\\build\\run.js:71:3)\n    at runAndTransformResultsToJestFormat (C:\\Top-That-Refactor\\node_modules\\jest-circus\\build\\legacy-code-todo-rewrite\\jestAdapterInit.js:122:21)\n    at jestAdapter (C:\\Top-That-Refactor\\node_modules\\jest-circus\\build\\legacy-code-todo-rewrite\\jestAdapter.js:79:19)\n    at runTestInternal (C:\\Top-That-Refactor\\node_modules\\jest-runner\\build\\runTest.js:367:16)\n    at runTest (C:\\Top-That-Refactor\\node_modules\\jest-runner\\build\\runTest.js:444:34)"],"fullName":"Client Main Script (main.ts) - Join Link Only should not join if already in-session","invocations":1,"location":null,"numPassingAsserts":0,"retryReasons":[],"status":"failed","title":"should not join if already in-session"},{"ancestorTitles":["Client Main Script (main.ts) - Join Link Only"],"duration":4,"failureDetails":[{}],"failureMessages":["\u001b[1m\u001b[31mJest encountered an unexpected token\u001b[39m\u001b[22m\n\nJest failed to parse a file. This happens e.g. when your code or its dependencies use non-standard JavaScript syntax, or when Jest is not configured to support such syntax.\n\nOut of the box Jest supports Babel, which will be used to transform your files into valid JS based on your Babel configuration.\n\nBy default \"node_modules\" folder is ignored by transformers.\n\nHere's what you can do:\n • If you are trying to use ECMAScript Modules, see \u001b[4mhttps://jestjs.io/docs/ecmascript-modules\u001b[24m for how to enable it.\n • If you are trying to use TypeScript, see \u001b[4mhttps://jestjs.io/docs/getting-started#using-typescript\u001b[24m\n • To have some of your \"node_modules\" files transformed, you can specify a custom \u001b[1m\"transformIgnorePatterns\"\u001b[22m in your config.\n • If you need a custom transformation specify a \u001b[1m\"transform\"\u001b[22m option in your config.\n • If you simply want to mock your non-JS modules (e.g. binary assets) you can stub them out with the \u001b[1m\"moduleNameMapper\"\u001b[22m config option.\n\nYou'll find more details and examples of these config options in the docs:\n\u001b[36mhttps://jestjs.io/docs/configuration\u001b[39m\nFor information about custom transformations, see:\n\u001b[36mhttps://jestjs.io/docs/code-transformation\u001b[39m\n\n\u001b[1m\u001b[31mDetails:\u001b[39m\u001b[22m\n\nC:\\Top-That-Refactor\\public\\scripts\\main.ts:17\nif (import.meta.env.MODE !== 'production' || globalThis.process?.env?.NODE_ENV !== 'production') {\n           ^^^^\n\nSyntaxError: Cannot use 'import.meta' outside a module\n    at new Script (node:vm:117:7)\n    at Runtime.createScriptFromCode (C:\\Top-That-Refactor\\node_modules\\jest-runtime\\build\\index.js:1505:14)\n    at Runtime._execModule (C:\\Top-That-Refactor\\node_modules\\jest-runtime\\build\\index.js:1399:25)\n    at Runtime._loadModule (C:\\Top-That-Refactor\\node_modules\\jest-runtime\\build\\index.js:1022:12)\n    at Runtime.requireModule (C:\\Top-That-Refactor\\node_modules\\jest-runtime\\build\\index.js:882:12)\n    at Runtime.requireModuleOrMock (C:\\Top-That-Refactor\\node_modules\\jest-runtime\\build\\index.js:1048:21)\n    at require (C:\\Top-That-Refactor\\tests\\main.joinlink.test.ts:146:26)\n    at Object.<anonymous> (C:\\Top-That-Refactor\\tests\\main.joinlink.test.ts:146:26)"],"fullName":"Client Main Script (main.ts) - Join Link Only should handle room param with whitespace and special characters","invocations":1,"location":null,"numPassingAsserts":0,"retryReasons":[],"status":"failed","title":"should handle room param with whitespace and special characters"},{"ancestorTitles":["Client Main Script (main.ts) - Join Link Only"],"duration":2,"failureDetails":[{}],"failureMessages":["\u001b[1m\u001b[31mJest encountered an unexpected token\u001b[39m\u001b[22m\n\nJest failed to parse a file. This happens e.g. when your code or its dependencies use non-standard JavaScript syntax, or when Jest is not configured to support such syntax.\n\nOut of the box Jest supports Babel, which will be used to transform your files into valid JS based on your Babel configuration.\n\nBy default \"node_modules\" folder is ignored by transformers.\n\nHere's what you can do:\n • If you are trying to use ECMAScript Modules, see \u001b[4mhttps://jestjs.io/docs/ecmascript-modules\u001b[24m for how to enable it.\n • If you are trying to use TypeScript, see \u001b[4mhttps://jestjs.io/docs/getting-started#using-typescript\u001b[24m\n • To have some of your \"node_modules\" files transformed, you can specify a custom \u001b[1m\"transformIgnorePatterns\"\u001b[22m in your config.\n • If you need a custom transformation specify a \u001b[1m\"transform\"\u001b[22m option in your config.\n • If you simply want to mock your non-JS modules (e.g. binary assets) you can stub them out with the \u001b[1m\"moduleNameMapper\"\u001b[22m config option.\n\nYou'll find more details and examples of these config options in the docs:\n\u001b[36mhttps://jestjs.io/docs/configuration\u001b[39m\nFor information about custom transformations, see:\n\u001b[36mhttps://jestjs.io/docs/code-transformation\u001b[39m\n\n\u001b[1m\u001b[31mDetails:\u001b[39m\u001b[22m\n\nC:\\Top-That-Refactor\\public\\scripts\\main.ts:17\nif (import.meta.env.MODE !== 'production' || globalThis.process?.env?.NODE_ENV !== 'production') {\n           ^^^^\n\nSyntaxError: Cannot use 'import.meta' outside a module\n    at new Script (node:vm:117:7)\n    at Runtime.createScriptFromCode (C:\\Top-That-Refactor\\node_modules\\jest-runtime\\build\\index.js:1505:14)\n    at Runtime._execModule (C:\\Top-That-Refactor\\node_modules\\jest-runtime\\build\\index.js:1399:25)\n    at Runtime._loadModule (C:\\Top-That-Refactor\\node_modules\\jest-runtime\\build\\index.js:1022:12)\n    at Runtime.requireModule (C:\\Top-That-Refactor\\node_modules\\jest-runtime\\build\\index.js:882:12)\n    at Runtime.requireModuleOrMock (C:\\Top-That-Refactor\\node_modules\\jest-runtime\\build\\index.js:1048:21)\n    at require (C:\\Top-That-Refactor\\tests\\main.joinlink.test.ts:171:26)\n    at Object.<anonymous> (C:\\Top-That-Refactor\\tests\\main.joinlink.test.ts:171:26)"],"fullName":"Client Main Script (main.ts) - Join Link Only should use first room param if multiple present","invocations":1,"location":null,"numPassingAsserts":0,"retryReasons":[],"status":"failed","title":"should use first room param if multiple present"},{"ancestorTitles":["Client Main Script (main.ts) - Join Link Only"],"duration":2,"failureDetails":[{"message":"\u001b[2mexpect(\u001b[22m\u001b[31mreceived\u001b[39m\u001b[2m).\u001b[22mresolves\u001b[2m.\u001b[22mnot\u001b[2m.\u001b[22mtoThrow\u001b[2m()\u001b[22m\n\nReceived promise rejected instead of resolved\nRejected to value: \u001b[31m[SyntaxError: Cannot use 'import.meta' outside a module]\u001b[39m"}],"failureMessages":["Error: \u001b[2mexpect(\u001b[22m\u001b[31mreceived\u001b[39m\u001b[2m).\u001b[22mresolves\u001b[2m.\u001b[22mnot\u001b[2m.\u001b[22mtoThrow\u001b[2m()\u001b[22m\n\nReceived promise rejected instead of resolved\nRejected to value: \u001b[31m[SyntaxError: Cannot use 'import.meta' outside a module]\u001b[39m\n    at expect (C:\\Top-That-Refactor\\node_modules\\expect\\build\\index.js:113:15)\n    at Object.expect (C:\\Top-That-Refactor\\tests\\main.joinlink.test.ts:204:11)\n    at Promise.then.completed (C:\\Top-That-Refactor\\node_modules\\jest-circus\\build\\utils.js:298:28)\n    at new Promise (<anonymous>)\n    at callAsyncCircusFn (C:\\Top-That-Refactor\\node_modules\\jest-circus\\build\\utils.js:231:10)\n    at _callCircusTest (C:\\Top-That-Refactor\\node_modules\\jest-circus\\build\\run.js:316:40)\n    at _runTest (C:\\Top-That-Refactor\\node_modules\\jest-circus\\build\\run.js:252:3)\n    at _runTestsForDescribeBlock (C:\\Top-That-Refactor\\node_modules\\jest-circus\\build\\run.js:126:9)\n    at _runTestsForDescribeBlock (C:\\Top-That-Refactor\\node_modules\\jest-circus\\build\\run.js:121:9)\n    at run (C:\\Top-That-Refactor\\node_modules\\jest-circus\\build\\run.js:71:3)\n    at runAndTransformResultsToJestFormat (C:\\Top-That-Refactor\\node_modules\\jest-circus\\build\\legacy-code-todo-rewrite\\jestAdapterInit.js:122:21)\n    at jestAdapter (C:\\Top-That-Refactor\\node_modules\\jest-circus\\build\\legacy-code-todo-rewrite\\jestAdapter.js:79:19)\n    at runTestInternal (C:\\Top-That-Refactor\\node_modules\\jest-runner\\build\\runTest.js:367:16)\n    at runTest (C:\\Top-That-Refactor\\node_modules\\jest-runner\\build\\runTest.js:444:34)"],"fullName":"Client Main Script (main.ts) - Join Link Only should not throw if DOM is missing elements","invocations":1,"location":null,"numPassingAsserts":0,"retryReasons":[],"status":"failed","title":"should not throw if DOM is missing elements"},{"ancestorTitles":["Client Main Script (main.ts) - Join Link Only"],"duration":2,"failureDetails":[{"message":"\u001b[2mexpect(\u001b[22m\u001b[31mreceived\u001b[39m\u001b[2m).\u001b[22mresolves\u001b[2m.\u001b[22mnot\u001b[2m.\u001b[22mtoThrow\u001b[2m()\u001b[22m\n\nReceived promise rejected instead of resolved\nRejected to value: \u001b[31m[SyntaxError: Cannot use 'import.meta' outside a module]\u001b[39m"}],"failureMessages":["Error: \u001b[2mexpect(\u001b[22m\u001b[31mreceived\u001b[39m\u001b[2m).\u001b[22mresolves\u001b[2m.\u001b[22mnot\u001b[2m.\u001b[22mtoThrow\u001b[2m()\u001b[22m\n\nReceived promise rejected instead of resolved\nRejected to value: \u001b[31m[SyntaxError: Cannot use 'import.meta' outside a module]\u001b[39m\n    at expect (C:\\Top-That-Refactor\\node_modules\\expect\\build\\index.js:113:15)\n    at Object.expect (C:\\Top-That-Refactor\\tests\\main.joinlink.test.ts:222:11)\n    at Promise.then.completed (C:\\Top-That-Refactor\\node_modules\\jest-circus\\build\\utils.js:298:28)\n    at new Promise (<anonymous>)\n    at callAsyncCircusFn (C:\\Top-That-Refactor\\node_modules\\jest-circus\\build\\utils.js:231:10)\n    at _callCircusTest (C:\\Top-That-Refactor\\node_modules\\jest-circus\\build\\run.js:316:40)\n    at _runTest (C:\\Top-That-Refactor\\node_modules\\jest-circus\\build\\run.js:252:3)\n    at _runTestsForDescribeBlock (C:\\Top-That-Refactor\\node_modules\\jest-circus\\build\\run.js:126:9)\n    at _runTestsForDescribeBlock (C:\\Top-That-Refactor\\node_modules\\jest-circus\\build\\run.js:121:9)\n    at run (C:\\Top-That-Refactor\\node_modules\\jest-circus\\build\\run.js:71:3)\n    at runAndTransformResultsToJestFormat (C:\\Top-That-Refactor\\node_modules\\jest-circus\\build\\legacy-code-todo-rewrite\\jestAdapterInit.js:122:21)\n    at jestAdapter (C:\\Top-That-Refactor\\node_modules\\jest-circus\\build\\legacy-code-todo-rewrite\\jestAdapter.js:79:19)\n    at runTestInternal (C:\\Top-That-Refactor\\node_modules\\jest-runner\\build\\runTest.js:367:16)\n    at runTest (C:\\Top-That-Refactor\\node_modules\\jest-runner\\build\\runTest.js:444:34)"],"fullName":"Client Main Script (main.ts) - Join Link Only should not throw if socketReady rejects","invocations":1,"location":null,"numPassingAsserts":0,"retryReasons":[],"status":"failed","title":"should not throw if socketReady rejects"},{"ancestorTitles":["Client Main Script (main.ts) - Join Link Only"],"duration":2,"failureDetails":[{"message":"\u001b[2mexpect(\u001b[22m\u001b[31mreceived\u001b[39m\u001b[2m).\u001b[22mresolves\u001b[2m.\u001b[22mnot\u001b[2m.\u001b[22mtoThrow\u001b[2m()\u001b[22m\n\nReceived promise rejected instead of resolved\nRejected to value: \u001b[31m[SyntaxError: Cannot use 'import.meta' outside a module]\u001b[39m"}],"failureMessages":["Error: \u001b[2mexpect(\u001b[22m\u001b[31mreceived\u001b[39m\u001b[2m).\u001b[22mresolves\u001b[2m.\u001b[22mnot\u001b[2m.\u001b[22mtoThrow\u001b[2m()\u001b[22m\n\nReceived promise rejected instead of resolved\nRejected to value: \u001b[31m[SyntaxError: Cannot use 'import.meta' outside a module]\u001b[39m\n    at expect (C:\\Top-That-Refactor\\node_modules\\expect\\build\\index.js:113:15)\n    at Object.expect (C:\\Top-That-Refactor\\tests\\main.joinlink.test.ts:240:11)\n    at Promise.then.completed (C:\\Top-That-Refactor\\node_modules\\jest-circus\\build\\utils.js:298:28)\n    at new Promise (<anonymous>)\n    at callAsyncCircusFn (C:\\Top-That-Refactor\\node_modules\\jest-circus\\build\\utils.js:231:10)\n    at _callCircusTest (C:\\Top-That-Refactor\\node_modules\\jest-circus\\build\\run.js:316:40)\n    at _runTest (C:\\Top-That-Refactor\\node_modules\\jest-circus\\build\\run.js:252:3)\n    at _runTestsForDescribeBlock (C:\\Top-That-Refactor\\node_modules\\jest-circus\\build\\run.js:126:9)\n    at _runTestsForDescribeBlock (C:\\Top-That-Refactor\\node_modules\\jest-circus\\build\\run.js:121:9)\n    at run (C:\\Top-That-Refactor\\node_modules\\jest-circus\\build\\run.js:71:3)\n    at runAndTransformResultsToJestFormat (C:\\Top-That-Refactor\\node_modules\\jest-circus\\build\\legacy-code-todo-rewrite\\jestAdapterInit.js:122:21)\n    at jestAdapter (C:\\Top-That-Refactor\\node_modules\\jest-circus\\build\\legacy-code-todo-rewrite\\jestAdapter.js:79:19)\n    at runTestInternal (C:\\Top-That-Refactor\\node_modules\\jest-runner\\build\\runTest.js:367:16)\n    at runTest (C:\\Top-That-Refactor\\node_modules\\jest-runner\\build\\runTest.js:444:34)"],"fullName":"Client Main Script (main.ts) - Join Link Only should handle missing DOM gracefully","invocations":1,"location":null,"numPassingAsserts":0,"retryReasons":[],"status":"failed","title":"should handle missing DOM gracefully"}],"endTime":1768775254996,"message":"\u001b[1m\u001b[31m  \u001b[1m● \u001b[22m\u001b[1mClient Main Script (main.ts) - Join Link Only › should handle join link in URL and emit JOIN_GAME\u001b[39m\u001b[22m\n\n    \u001b[1m\u001b[31mJest encountered an unexpected token\u001b[39m\u001b[22m\n\n    Jest failed to parse a file. This happens e.g. when your code or its dependencies use non-standard JavaScript syntax, or when Jest is not configured to support such syntax.\n\n    Out of the box Jest supports Babel, which will be used to transform your files into valid JS based on your Babel configuration.\n\n    By default \"node_modules\" folder is ignored by transformers.\n\n    Here's what you can do:\n     • If you are trying to use ECMAScript Modules, see \u001b[4mhttps://jestjs.io/docs/ecmascript-modules\u001b[24m for how to enable it.\n     • If you are trying to use TypeScript, see \u001b[4mhttps://jestjs.io/docs/getting-started#using-typescript\u001b[24m\n     • To have some of your \"node_modules\" files transformed, you can specify a custom \u001b[1m\"transformIgnorePatterns\"\u001b[22m in your config.\n     • If you need a custom transformation specify a \u001b[1m\"transform\"\u001b[22m option in your config.\n     • If you simply want to mock your non-JS modules (e.g. binary assets) you can stub them out with the \u001b[1m\"moduleNameMapper\"\u001b[22m config option.\n\n    You'll find more details and examples of these config options in the docs:\n    \u001b[36mhttps://jestjs.io/docs/configuration\u001b[39m\n    For information about custom transformations, see:\n    \u001b[36mhttps://jestjs.io/docs/code-transformation\u001b[39m\n\n    \u001b[1m\u001b[31mDetails:\u001b[39m\u001b[22m\n\n    C:\\Top-That-Refactor\\public\\scripts\\main.ts:17\n    if (import.meta.env.MODE !== 'production' || globalThis.process?.env?.NODE_ENV !== 'production') {\n               ^^^^\n\n    SyntaxError: Cannot use 'import.meta' outside a module\n\u001b[2m\u001b[22m\n\u001b[2m    \u001b[0m \u001b[90m 59 |\u001b[39m     window\u001b[33m.\u001b[39mhistory\u001b[33m.\u001b[39mreplaceState({}\u001b[33m,\u001b[39m document\u001b[33m.\u001b[39mtitle\u001b[33m,\u001b[39m \u001b[32m'/?room=ROOM123'\u001b[39m)\u001b[33m;\u001b[39m\u001b[22m\n\u001b[2m     \u001b[90m 60 |\u001b[39m     \u001b[90m// Import initMain from main.ts\u001b[39m\u001b[22m\n\u001b[2m    \u001b[31m\u001b[1m>\u001b[22m\u001b[2m\u001b[39m\u001b[90m 61 |\u001b[39m     \u001b[36mconst\u001b[39m { initMain } \u001b[33m=\u001b[39m \u001b[36mawait\u001b[39m \u001b[36mimport\u001b[39m(\u001b[32m'../public/scripts/main.ts'\u001b[39m)\u001b[33m;\u001b[39m\u001b[22m\n\u001b[2m     \u001b[90m    |\u001b[39m                          \u001b[31m\u001b[1m^\u001b[22m\u001b[2m\u001b[39m\u001b[22m\n\u001b[2m     \u001b[90m 62 |\u001b[39m     \u001b[90m// Create mocks\u001b[39m\u001b[22m\n\u001b[2m     \u001b[90m 63 |\u001b[39m     \u001b[36mconst\u001b[39m setCurrentRoom \u001b[33m=\u001b[39m jest\u001b[33m.\u001b[39mfn()\u001b[33m;\u001b[39m\u001b[22m\n\u001b[2m     \u001b[90m 64 |\u001b[39m     \u001b[36mconst\u001b[39m emit \u001b[33m=\u001b[39m jest\u001b[33m.\u001b[39mfn()\u001b[33m;\u001b[39m\u001b[0m\u001b[22m\n\u001b[2m\u001b[22m\n\u001b[2m      \u001b[2mat Runtime.createScriptFromCode (\u001b[22m\u001b[2mnode_modules/jest-runtime/build/index.js\u001b[2m:1505:14)\u001b[22m\u001b[2m\u001b[22m\n\u001b[2m      \u001b[2mat require (\u001b[22m\u001b[2m\u001b[0m\u001b[36mtests/main.joinlink.test.ts\u001b[39m\u001b[0m\u001b[2m:61:26)\u001b[22m\u001b[2m\u001b[22m\n\u001b[2m      \u001b[2mat Object.<anonymous> (\u001b[22m\u001b[2m\u001b[0m\u001b[36mtests/main.joinlink.test.ts\u001b[39m\u001b[0m\u001b[2m:61:26)\u001b[22m\u001b[2m\u001b[22m\n\n\u001b[1m\u001b[31m  \u001b[1m● \u001b[22m\u001b[1mClient Main Script (main.ts) - Join Link Only › should do nothing if no room param in URL\u001b[39m\u001b[22m\n\n    \u001b[1m\u001b[31mJest encountered an unexpected token\u001b[39m\u001b[22m\n\n    Jest failed to parse a file. This happens e.g. when your code or its dependencies use non-standard JavaScript syntax, or when Jest is not configured to support such syntax.\n\n    Out of the box Jest supports Babel, which will be used to transform your files into valid JS based on your Babel configuration.\n\n    By default \"node_modules\" folder is ignored by transformers.\n\n    Here's what you can do:\n     • If you are trying to use ECMAScript Modules, see \u001b[4mhttps://jestjs.io/docs/ecmascript-modules\u001b[24m for how to enable it.\n     • If you are trying to use TypeScript, see \u001b[4mhttps://jestjs.io/docs/getting-started#using-typescript\u001b[24m\n     • To have some of your \"node_modules\" files transformed, you can specify a custom \u001b[1m\"transformIgnorePatterns\"\u001b[22m in your config.\n     • If you need a custom transformation specify a \u001b[1m\"transform\"\u001b[22m option in your config.\n     • If you simply want to mock your non-JS modules (e.g. binary assets) you can stub them out with the \u001b[1m\"moduleNameMapper\"\u001b[22m config option.\n\n    You'll find more details and examples of these config options in the docs:\n    \u001b[36mhttps://jestjs.io/docs/configuration\u001b[39m\n    For information about custom transformations, see:\n    \u001b[36mhttps://jestjs.io/docs/code-transformation\u001b[39m\n\n    \u001b[1m\u001b[31mDetails:\u001b[39m\u001b[22m\n\n    C:\\Top-That-Refactor\\public\\scripts\\main.ts:17\n    if (import.meta.env.MODE !== 'production' || globalThis.process?.env?.NODE_ENV !== 'production') {\n               ^^^^\n\n    SyntaxError: Cannot use 'import.meta' outside a module\n\u001b[2m\u001b[22m\n\u001b[2m    \u001b[0m \u001b[90m 92 |\u001b[39m     window\u001b[33m.\u001b[39mhistory\u001b[33m.\u001b[39mreplaceState({}\u001b[33m,\u001b[39m document\u001b[33m.\u001b[39mtitle\u001b[33m,\u001b[39m \u001b[32m'/'\u001b[39m)\u001b[33m;\u001b[39m\u001b[22m\n\u001b[2m     \u001b[90m 93 |\u001b[39m     \u001b[36mawait\u001b[39m jest\u001b[33m.\u001b[39misolateModulesAsync(\u001b[36masync\u001b[39m () \u001b[33m=>\u001b[39m {\u001b[22m\n\u001b[2m    \u001b[31m\u001b[1m>\u001b[22m\u001b[2m\u001b[39m\u001b[90m 94 |\u001b[39m       require(\u001b[32m'../public/scripts/main.js'\u001b[39m)\u001b[33m;\u001b[39m\u001b[22m\n\u001b[2m     \u001b[90m    |\u001b[39m       \u001b[31m\u001b[1m^\u001b[22m\u001b[2m\u001b[39m\u001b[22m\n\u001b[2m     \u001b[90m 95 |\u001b[39m       document\u001b[33m.\u001b[39mdispatchEvent(\u001b[36mnew\u001b[39m \u001b[33mEvent\u001b[39m(\u001b[32m'DOMContentLoaded'\u001b[39m))\u001b[33m;\u001b[39m\u001b[22m\n\u001b[2m     \u001b[90m 96 |\u001b[39m       \u001b[36mawait\u001b[39m \u001b[33mPromise\u001b[39m\u001b[33m.\u001b[39mresolve()\u001b[33m;\u001b[39m\u001b[22m\n\u001b[2m     \u001b[90m 97 |\u001b[39m     })\u001b[33m;\u001b[39m\u001b[0m\u001b[22m\n\u001b[2m\u001b[22m\n\u001b[2m      \u001b[2mat Runtime.createScriptFromCode (\u001b[22m\u001b[2mnode_modules/jest-runtime/build/index.js\u001b[2m:1505:14)\u001b[22m\u001b[2m\u001b[22m\n\u001b[2m      \u001b[2mat require (\u001b[22m\u001b[2m\u001b[0m\u001b[36mtests/main.joinlink.test.ts\u001b[39m\u001b[0m\u001b[2m:94:7)\u001b[22m\u001b[2m\u001b[22m\n\u001b[2m      \u001b[2mat Object.isolateModulesAsync (\u001b[22m\u001b[2m\u001b[0m\u001b[36mtests/main.joinlink.test.ts\u001b[39m\u001b[0m\u001b[2m:93:16)\u001b[22m\u001b[2m\u001b[22m\n\n\u001b[1m\u001b[31m  \u001b[1m● \u001b[22m\u001b[1mClient Main Script (main.ts) - Join Link Only › should do nothing if room param is empty\u001b[39m\u001b[22m\n\n    \u001b[1m\u001b[31mJest encountered an unexpected token\u001b[39m\u001b[22m\n\n    Jest failed to parse a file. This happens e.g. when your code or its dependencies use non-standard JavaScript syntax, or when Jest is not configured to support such syntax.\n\n    Out of the box Jest supports Babel, which will be used to transform your files into valid JS based on your Babel configuration.\n\n    By default \"node_modules\" folder is ignored by transformers.\n\n    Here's what you can do:\n     • If you are trying to use ECMAScript Modules, see \u001b[4mhttps://jestjs.io/docs/ecmascript-modules\u001b[24m for how to enable it.\n     • If you are trying to use TypeScript, see \u001b[4mhttps://jestjs.io/docs/getting-started#using-typescript\u001b[24m\n     • To have some of your \"node_modules\" files transformed, you can specify a custom \u001b[1m\"transformIgnorePatterns\"\u001b[22m in your config.\n     • If you need a custom transformation specify a \u001b[1m\"transform\"\u001b[22m option in your config.\n     • If you simply want to mock your non-JS modules (e.g. binary assets) you can stub them out with the \u001b[1m\"moduleNameMapper\"\u001b[22m config option.\n\n    You'll find more details and examples of these config options in the docs:\n    \u001b[36mhttps://jestjs.io/docs/configuration\u001b[39m\n    For information about custom transformations, see:\n    \u001b[36mhttps://jestjs.io/docs/code-transformation\u001b[39m\n\n    \u001b[1m\u001b[31mDetails:\u001b[39m\u001b[22m\n\n    C:\\Top-That-Refactor\\public\\scripts\\main.ts:17\n    if (import.meta.env.MODE !== 'production' || globalThis.process?.env?.NODE_ENV !== 'production') {\n               ^^^^\n\n    SyntaxError: Cannot use 'import.meta' outside a module\n\u001b[2m\u001b[22m\n\u001b[2m    \u001b[0m \u001b[90m 109 |\u001b[39m     window\u001b[33m.\u001b[39mhistory\u001b[33m.\u001b[39mreplaceState({}\u001b[33m,\u001b[39m document\u001b[33m.\u001b[39mtitle\u001b[33m,\u001b[39m \u001b[32m'/?room='\u001b[39m)\u001b[33m;\u001b[39m\u001b[22m\n\u001b[2m     \u001b[90m 110 |\u001b[39m     \u001b[36mawait\u001b[39m jest\u001b[33m.\u001b[39misolateModulesAsync(\u001b[36masync\u001b[39m () \u001b[33m=>\u001b[39m {\u001b[22m\n\u001b[2m    \u001b[31m\u001b[1m>\u001b[22m\u001b[2m\u001b[39m\u001b[90m 111 |\u001b[39m       require(\u001b[32m'../public/scripts/main.js'\u001b[39m)\u001b[33m;\u001b[39m\u001b[22m\n\u001b[2m     \u001b[90m     |\u001b[39m       \u001b[31m\u001b[1m^\u001b[22m\u001b[2m\u001b[39m\u001b[22m\n\u001b[2m     \u001b[90m 112 |\u001b[39m       document\u001b[33m.\u001b[39mdispatchEvent(\u001b[36mnew\u001b[39m \u001b[33mEvent\u001b[39m(\u001b[32m'DOMContentLoaded'\u001b[39m))\u001b[33m;\u001b[39m\u001b[22m\n\u001b[2m     \u001b[90m 113 |\u001b[39m       \u001b[36mawait\u001b[39m \u001b[33mPromise\u001b[39m\u001b[33m.\u001b[39mresolve()\u001b[33m;\u001b[39m\u001b[22m\n\u001b[2m     \u001b[90m 114 |\u001b[39m     })\u001b[33m;\u001b[39m\u001b[0m\u001b[22m\n\u001b[2m\u001b[22m\n\u001b[2m      \u001b[2mat Runtime.createScriptFromCode (\u001b[22m\u001b[2mnode_modules/jest-runtime/build/index.js\u001b[2m:1505:14)\u001b[22m\u001b[2m\u001b[22m\n\u001b[2m      \u001b[2mat require (\u001b[22m\u001b[2m\u001b[0m\u001b[36mtests/main.joinlink.test.ts\u001b[39m\u001b[0m\u001b[2m:111:7)\u001b[22m\u001b[2m\u001b[22m\n\u001b[2m      \u001b[2mat Object.isolateModulesAsync (\u001b[22m\u001b[2m\u001b[0m\u001b[36mtests/main.joinlink.test.ts\u001b[39m\u001b[0m\u001b[2m:110:16)\u001b[22m\u001b[2m\u001b[22m\n\n\u001b[1m\u001b[31m  \u001b[1m● \u001b[22m\u001b[1mClient Main Script (main.ts) - Join Link Only › should not join if already in-session\u001b[39m\u001b[22m\n\n    \u001b[1m\u001b[31mJest encountered an unexpected token\u001b[39m\u001b[22m\n\n    Jest failed to parse a file. This happens e.g. when your code or its dependencies use non-standard JavaScript syntax, or when Jest is not configured to support such syntax.\n\n    Out of the box Jest supports Babel, which will be used to transform your files into valid JS based on your Babel configuration.\n\n    By default \"node_modules\" folder is ignored by transformers.\n\n    Here's what you can do:\n     • If you are trying to use ECMAScript Modules, see \u001b[4mhttps://jestjs.io/docs/ecmascript-modules\u001b[24m for how to enable it.\n     • If you are trying to use TypeScript, see \u001b[4mhttps://jestjs.io/docs/getting-started#using-typescript\u001b[24m\n     • To have some of your \"node_modules\" files transformed, you can specify a custom \u001b[1m\"transformIgnorePatterns\"\u001b[22m in your config.\n     • If you need a custom transformation specify a \u001b[1m\"transform\"\u001b[22m option in your config.\n     • If you simply want to mock your non-JS modules (e.g. binary assets) you can stub them out with the \u001b[1m\"moduleNameMapper\"\u001b[22m config option.\n\n    You'll find more details and examples of these config options in the docs:\n    \u001b[36mhttps://jestjs.io/docs/configuration\u001b[39m\n    For information about custom transformations, see:\n    \u001b[36mhttps://jestjs.io/docs/code-transformation\u001b[39m\n\n    \u001b[1m\u001b[31mDetails:\u001b[39m\u001b[22m\n\n    C:\\Top-That-Refactor\\public\\scripts\\main.ts:17\n    if (import.meta.env.MODE !== 'production' || globalThis.process?.env?.NODE_ENV !== 'production') {\n               ^^^^\n\n    SyntaxError: Cannot use 'import.meta' outside a module\n\u001b[2m\u001b[22m\n\u001b[2m    \u001b[0m \u001b[90m 127 |\u001b[39m     window\u001b[33m.\u001b[39mhistory\u001b[33m.\u001b[39mreplaceState({}\u001b[33m,\u001b[39m document\u001b[33m.\u001b[39mtitle\u001b[33m,\u001b[39m \u001b[32m'/?room=ROOMX'\u001b[39m)\u001b[33m;\u001b[39m\u001b[22m\n\u001b[2m     \u001b[90m 128 |\u001b[39m     \u001b[36mawait\u001b[39m jest\u001b[33m.\u001b[39misolateModulesAsync(\u001b[36masync\u001b[39m () \u001b[33m=>\u001b[39m {\u001b[22m\n\u001b[2m    \u001b[31m\u001b[1m>\u001b[22m\u001b[2m\u001b[39m\u001b[90m 129 |\u001b[39m       require(\u001b[32m'../public/scripts/main.js'\u001b[39m)\u001b[33m;\u001b[39m\u001b[22m\n\u001b[2m     \u001b[90m     |\u001b[39m       \u001b[31m\u001b[1m^\u001b[22m\u001b[2m\u001b[39m\u001b[22m\n\u001b[2m     \u001b[90m 130 |\u001b[39m       document\u001b[33m.\u001b[39mdispatchEvent(\u001b[36mnew\u001b[39m \u001b[33mEvent\u001b[39m(\u001b[32m'DOMContentLoaded'\u001b[39m))\u001b[33m;\u001b[39m\u001b[22m\n\u001b[2m     \u001b[90m 131 |\u001b[39m       \u001b[36mawait\u001b[39m \u001b[33mPromise\u001b[39m\u001b[33m.\u001b[39mresolve()\u001b[33m;\u001b[39m\u001b[22m\n\u001b[2m     \u001b[90m 132 |\u001b[39m     })\u001b[33m;\u001b[39m\u001b[0m\u001b[22m\n\u001b[2m\u001b[22m\n\u001b[2m      \u001b[2mat Runtime.createScriptFromCode (\u001b[22m\u001b[2mnode_modules/jest-runtime/build/index.js\u001b[2m:1505:14)\u001b[22m\u001b[2m\u001b[22m\n\u001b[2m      \u001b[2mat require (\u001b[22m\u001b[2m\u001b[0m\u001b[36mtests/main.joinlink.test.ts\u001b[39m\u001b[0m\u001b[2m:129:7)\u001b[22m\u001b[2m\u001b[22m\n\u001b[2m      \u001b[2mat Object.isolateModulesAsync (\u001b[22m\u001b[2m\u001b[0m\u001b[36mtests/main.joinlink.test.ts\u001b[39m\u001b[0m\u001b[2m:128:16)\u001b[22m\u001b[2m\u001b[22m\n\n\u001b[1m\u001b[31m  \u001b[1m● \u001b[22m\u001b[1mClient Main Script (main.ts) - Join Link Only › should handle room param with whitespace and special characters\u001b[39m\u001b[22m\n\n    \u001b[1m\u001b[31mJest encountered an unexpected token\u001b[39m\u001b[22m\n\n    Jest failed to parse a file. This happens e.g. when your code or its dependencies use non-standard JavaScript syntax, or when Jest is not configured to support such syntax.\n\n    Out of the box Jest supports Babel, which will be used to transform your files into valid JS based on your Babel configuration.\n\n    By default \"node_modules\" folder is ignored by transformers.\n\n    Here's what you can do:\n     • If you are trying to use ECMAScript Modules, see \u001b[4mhttps://jestjs.io/docs/ecmascript-modules\u001b[24m for how to enable it.\n     • If you are trying to use TypeScript, see \u001b[4mhttps://jestjs.io/docs/getting-started#using-typescript\u001b[24m\n     • To have some of your \"node_modules\" files transformed, you can specify a custom \u001b[1m\"transformIgnorePatterns\"\u001b[22m in your config.\n     • If you need a custom transformation specify a \u001b[1m\"transform\"\u001b[22m option in your config.\n     • If you simply want to mock your non-JS modules (e.g. binary assets) you can stub them out with the \u001b[1m\"moduleNameMapper\"\u001b[22m config option.\n\n    You'll find more details and examples of these config options in the docs:\n    \u001b[36mhttps://jestjs.io/docs/configuration\u001b[39m\n    For information about custom transformations, see:\n    \u001b[36mhttps://jestjs.io/docs/code-transformation\u001b[39m\n\n    \u001b[1m\u001b[31mDetails:\u001b[39m\u001b[22m\n\n    C:\\Top-That-Refactor\\public\\scripts\\main.ts:17\n    if (import.meta.env.MODE !== 'production' || globalThis.process?.env?.NODE_ENV !== 'production') {\n               ^^^^\n\n    SyntaxError: Cannot use 'import.meta' outside a module\n\u001b[2m\u001b[22m\n\u001b[2m    \u001b[0m \u001b[90m 144 |\u001b[39m       \u001b[32m'/?room=%20ROOM%20%40%23%24'\u001b[39m\u001b[22m\n\u001b[2m     \u001b[90m 145 |\u001b[39m     )\u001b[33m;\u001b[39m\u001b[22m\n\u001b[2m    \u001b[31m\u001b[1m>\u001b[22m\u001b[2m\u001b[39m\u001b[90m 146 |\u001b[39m     \u001b[36mconst\u001b[39m { initMain } \u001b[33m=\u001b[39m \u001b[36mawait\u001b[39m \u001b[36mimport\u001b[39m(\u001b[32m'../public/scripts/main.ts'\u001b[39m)\u001b[33m;\u001b[39m\u001b[22m\n\u001b[2m     \u001b[90m     |\u001b[39m                          \u001b[31m\u001b[1m^\u001b[22m\u001b[2m\u001b[39m\u001b[22m\n\u001b[2m     \u001b[90m 147 |\u001b[39m     \u001b[36mconst\u001b[39m setCurrentRoom \u001b[33m=\u001b[39m jest\u001b[33m.\u001b[39mfn()\u001b[33m;\u001b[39m\u001b[22m\n\u001b[2m     \u001b[90m 148 |\u001b[39m     \u001b[36mconst\u001b[39m emit \u001b[33m=\u001b[39m jest\u001b[33m.\u001b[39mfn()\u001b[33m;\u001b[39m\u001b[22m\n\u001b[2m     \u001b[90m 149 |\u001b[39m     \u001b[36mconst\u001b[39m socket \u001b[33m=\u001b[39m { emit\u001b[33m,\u001b[39m on\u001b[33m:\u001b[39m jest\u001b[33m.\u001b[39mfn()\u001b[33m,\u001b[39m id\u001b[33m:\u001b[39m \u001b[32m'mock-socket-id'\u001b[39m } \u001b[36mas\u001b[39m any\u001b[33m;\u001b[39m\u001b[0m\u001b[22m\n\u001b[2m\u001b[22m\n\u001b[2m      \u001b[2mat Runtime.createScriptFromCode (\u001b[22m\u001b[2mnode_modules/jest-runtime/build/index.js\u001b[2m:1505:14)\u001b[22m\u001b[2m\u001b[22m\n\u001b[2m      \u001b[2mat require (\u001b[22m\u001b[2m\u001b[0m\u001b[36mtests/main.joinlink.test.ts\u001b[39m\u001b[0m\u001b[2m:146:26)\u001b[22m\u001b[2m\u001b[22m\n\u001b[2m      \u001b[2mat Object.<anonymous> (\u001b[22m\u001b[2m\u001b[0m\u001b[36mtests/main.joinlink.test.ts\u001b[39m\u001b[0m\u001b[2m:146:26)\u001b[22m\u001b[2m\u001b[22m\n\n\u001b[1m\u001b[31m  \u001b[1m● \u001b[22m\u001b[1mClient Main Script (main.ts) - Join Link Only › should use first room param if multiple present\u001b[39m\u001b[22m\n\n    \u001b[1m\u001b[31mJest encountered an unexpected token\u001b[39m\u001b[22m\n\n    Jest failed to parse a file. This happens e.g. when your code or its dependencies use non-standard JavaScript syntax, or when Jest is not configured to support such syntax.\n\n    Out of the box Jest supports Babel, which will be used to transform your files into valid JS based on your Babel configuration.\n\n    By default \"node_modules\" folder is ignored by transformers.\n\n    Here's what you can do:\n     • If you are trying to use ECMAScript Modules, see \u001b[4mhttps://jestjs.io/docs/ecmascript-modules\u001b[24m for how to enable it.\n     • If you are trying to use TypeScript, see \u001b[4mhttps://jestjs.io/docs/getting-started#using-typescript\u001b[24m\n     • To have some of your \"node_modules\" files transformed, you can specify a custom \u001b[1m\"transformIgnorePatterns\"\u001b[22m in your config.\n     • If you need a custom transformation specify a \u001b[1m\"transform\"\u001b[22m option in your config.\n     • If you simply want to mock your non-JS modules (e.g. binary assets) you can stub them out with the \u001b[1m\"moduleNameMapper\"\u001b[22m config option.\n\n    You'll find more details and examples of these config options in the docs:\n    \u001b[36mhttps://jestjs.io/docs/configuration\u001b[39m\n    For information about custom transformations, see:\n    \u001b[36mhttps://jestjs.io/docs/code-transformation\u001b[39m\n\n    \u001b[1m\u001b[31mDetails:\u001b[39m\u001b[22m\n\n    C:\\Top-That-Refactor\\public\\scripts\\main.ts:17\n    if (import.meta.env.MODE !== 'production' || globalThis.process?.env?.NODE_ENV !== 'production') {\n               ^^^^\n\n    SyntaxError: Cannot use 'import.meta' outside a module\n\u001b[2m\u001b[22m\n\u001b[2m    \u001b[0m \u001b[90m 169 |\u001b[39m     setupMainDOM()\u001b[33m;\u001b[39m\u001b[22m\n\u001b[2m     \u001b[90m 170 |\u001b[39m     window\u001b[33m.\u001b[39mhistory\u001b[33m.\u001b[39mreplaceState({}\u001b[33m,\u001b[39m document\u001b[33m.\u001b[39mtitle\u001b[33m,\u001b[39m \u001b[32m'/?room=FIRST&room=SECOND'\u001b[39m)\u001b[33m;\u001b[39m\u001b[22m\n\u001b[2m    \u001b[31m\u001b[1m>\u001b[22m\u001b[2m\u001b[39m\u001b[90m 171 |\u001b[39m     \u001b[36mconst\u001b[39m { initMain } \u001b[33m=\u001b[39m \u001b[36mawait\u001b[39m \u001b[36mimport\u001b[39m(\u001b[32m'../public/scripts/main.ts'\u001b[39m)\u001b[33m;\u001b[39m\u001b[22m\n\u001b[2m     \u001b[90m     |\u001b[39m                          \u001b[31m\u001b[1m^\u001b[22m\u001b[2m\u001b[39m\u001b[22m\n\u001b[2m     \u001b[90m 172 |\u001b[39m     \u001b[36mconst\u001b[39m setCurrentRoom \u001b[33m=\u001b[39m jest\u001b[33m.\u001b[39mfn()\u001b[33m;\u001b[39m\u001b[22m\n\u001b[2m     \u001b[90m 173 |\u001b[39m     \u001b[36mconst\u001b[39m emit \u001b[33m=\u001b[39m jest\u001b[33m.\u001b[39mfn()\u001b[33m;\u001b[39m\u001b[22m\n\u001b[2m     \u001b[90m 174 |\u001b[39m     \u001b[36mconst\u001b[39m socket \u001b[33m=\u001b[39m { emit\u001b[33m,\u001b[39m on\u001b[33m:\u001b[39m jest\u001b[33m.\u001b[39mfn()\u001b[33m,\u001b[39m id\u001b[33m:\u001b[39m \u001b[32m'mock-socket-id'\u001b[39m } \u001b[36mas\u001b[39m any\u001b[33m;\u001b[39m\u001b[0m\u001b[22m\n\u001b[2m\u001b[22m\n\u001b[2m      \u001b[2mat Runtime.createScriptFromCode (\u001b[22m\u001b[2mnode_modules/jest-runtime/build/index.js\u001b[2m:1505:14)\u001b[22m\u001b[2m\u001b[22m\n\u001b[2m      \u001b[2mat require (\u001b[22m\u001b[2m\u001b[0m\u001b[36mtests/main.joinlink.test.ts\u001b[39m\u001b[0m\u001b[2m:171:26)\u001b[22m\u001b[2m\u001b[22m\n\u001b[2m      \u001b[2mat Object.<anonymous> (\u001b[22m\u001b[2m\u001b[0m\u001b[36mtests/main.joinlink.test.ts\u001b[39m\u001b[0m\u001b[2m:171:26)\u001b[22m\u001b[2m\u001b[22m\n\n\u001b[1m\u001b[31m  \u001b[1m● \u001b[22m\u001b[1mClient Main Script (main.ts) - Join Link Only › should not throw if DOM is missing elements\u001b[39m\u001b[22m\n\n    \u001b[2mexpect(\u001b[22m\u001b[31mreceived\u001b[39m\u001b[2m).\u001b[22mresolves\u001b[2m.\u001b[22mnot\u001b[2m.\u001b[22mtoThrow\u001b[2m()\u001b[22m\n\n    Received promise rejected instead of resolved\n    Rejected to value: \u001b[31m[SyntaxError: Cannot use 'import.meta' outside a module]\u001b[39m\n\u001b[2m\u001b[22m\n\u001b[2m    \u001b[0m \u001b[90m 202 |\u001b[39m     document\u001b[33m.\u001b[39mbody\u001b[33m.\u001b[39minnerHTML \u001b[33m=\u001b[39m \u001b[32m''\u001b[39m\u001b[33m;\u001b[39m\u001b[22m\n\u001b[2m     \u001b[90m 203 |\u001b[39m     window\u001b[33m.\u001b[39mhistory\u001b[33m.\u001b[39mreplaceState({}\u001b[33m,\u001b[39m document\u001b[33m.\u001b[39mtitle\u001b[33m,\u001b[39m \u001b[32m'/?room=ROOMSAFE'\u001b[39m)\u001b[33m;\u001b[39m\u001b[22m\n\u001b[2m    \u001b[31m\u001b[1m>\u001b[22m\u001b[2m\u001b[39m\u001b[90m 204 |\u001b[39m     \u001b[36mawait\u001b[39m expect(\u001b[22m\n\u001b[2m     \u001b[90m     |\u001b[39m           \u001b[31m\u001b[1m^\u001b[22m\u001b[2m\u001b[39m\u001b[22m\n\u001b[2m     \u001b[90m 205 |\u001b[39m       jest\u001b[33m.\u001b[39misolateModulesAsync(\u001b[36masync\u001b[39m () \u001b[33m=>\u001b[39m {\u001b[22m\n\u001b[2m     \u001b[90m 206 |\u001b[39m         require(\u001b[32m'../public/scripts/main.js'\u001b[39m)\u001b[33m;\u001b[39m\u001b[22m\n\u001b[2m     \u001b[90m 207 |\u001b[39m         document\u001b[33m.\u001b[39mdispatchEvent(\u001b[36mnew\u001b[39m \u001b[33mEvent\u001b[39m(\u001b[32m'DOMContentLoaded'\u001b[39m))\u001b[33m;\u001b[39m\u001b[0m\u001b[22m\n\u001b[2m\u001b[22m\n\u001b[2m      \u001b[2mat expect (\u001b[22m\u001b[2mnode_modules/expect/build/index.js\u001b[2m:113:15)\u001b[22m\u001b[2m\u001b[22m\n\u001b[2m      \u001b[2mat Object.expect (\u001b[22m\u001b[2m\u001b[0m\u001b[36mtests/main.joinlink.test.ts\u001b[39m\u001b[0m\u001b[2m:204:11)\u001b[22m\u001b[2m\u001b[22m\n\n\u001b[1m\u001b[31m  \u001b[1m● \u001b[22m\u001b[1mClient Main Script (main.ts) - Join Link Only › should not throw if socketReady rejects\u001b[39m\u001b[22m\n\n    \u001b[2mexpect(\u001b[22m\u001b[31mreceived\u001b[39m\u001b[2m).\u001b[22mresolves\u001b[2m.\u001b[22mnot\u001b[2m.\u001b[22mtoThrow\u001b[2m()\u001b[22m\n\n    Received promise rejected instead of resolved\n    Rejected to value: \u001b[31m[SyntaxError: Cannot use 'import.meta' outside a module]\u001b[39m\n\u001b[2m\u001b[22m\n\u001b[2m    \u001b[0m \u001b[90m 220 |\u001b[39m     setupMainDOM()\u001b[33m;\u001b[39m\u001b[22m\n\u001b[2m     \u001b[90m 221 |\u001b[39m     window\u001b[33m.\u001b[39mhistory\u001b[33m.\u001b[39mreplaceState({}\u001b[33m,\u001b[39m document\u001b[33m.\u001b[39mtitle\u001b[33m,\u001b[39m \u001b[32m'/?room=ROOMFAIL'\u001b[39m)\u001b[33m;\u001b[39m\u001b[22m\n\u001b[2m    \u001b[31m\u001b[1m>\u001b[22m\u001b[2m\u001b[39m\u001b[90m 222 |\u001b[39m     \u001b[36mawait\u001b[39m expect(\u001b[22m\n\u001b[2m     \u001b[90m     |\u001b[39m           \u001b[31m\u001b[1m^\u001b[22m\u001b[2m\u001b[39m\u001b[22m\n\u001b[2m     \u001b[90m 223 |\u001b[39m       jest\u001b[33m.\u001b[39misolateModulesAsync(\u001b[36masync\u001b[39m () \u001b[33m=>\u001b[39m {\u001b[22m\n\u001b[2m     \u001b[90m 224 |\u001b[39m         require(\u001b[32m'../public/scripts/main.js'\u001b[39m)\u001b[33m;\u001b[39m\u001b[22m\n\u001b[2m     \u001b[90m 225 |\u001b[39m         document\u001b[33m.\u001b[39mdispatchEvent(\u001b[36mnew\u001b[39m \u001b[33mEvent\u001b[39m(\u001b[32m'DOMContentLoaded'\u001b[39m))\u001b[33m;\u001b[39m\u001b[0m\u001b[22m\n\u001b[2m\u001b[22m\n\u001b[2m      \u001b[2mat expect (\u001b[22m\u001b[2mnode_modules/expect/build/index.js\u001b[2m:113:15)\u001b[22m\u001b[2m\u001b[22m\n\u001b[2m      \u001b[2mat Object.expect (\u001b[22m\u001b[2m\u001b[0m\u001b[36mtests/main.joinlink.test.ts\u001b[39m\u001b[0m\u001b[2m:222:11)\u001b[22m\u001b[2m\u001b[22m\n\n\u001b[1m\u001b[31m  \u001b[1m● \u001b[22m\u001b[1mClient Main Script (main.ts) - Join Link Only › should handle missing DOM gracefully\u001b[39m\u001b[22m\n\n    \u001b[2mexpect(\u001b[22m\u001b[31mreceived\u001b[39m\u001b[2m).\u001b[22mresolves\u001b[2m.\u001b[22mnot\u001b[2m.\u001b[22mtoThrow\u001b[2m()\u001b[22m\n\n    Received promise rejected instead of resolved\n    Rejected to value: \u001b[31m[SyntaxError: Cannot use 'import.meta' outside a module]\u001b[39m\n\u001b[2m\u001b[22m\n\u001b[2m    \u001b[0m \u001b[90m 238 |\u001b[39m     )\u001b[33m;\u001b[39m\u001b[22m\n\u001b[2m     \u001b[90m 239 |\u001b[39m     window\u001b[33m.\u001b[39mhistory\u001b[33m.\u001b[39mreplaceState({}\u001b[33m,\u001b[39m document\u001b[33m.\u001b[39mtitle\u001b[33m,\u001b[39m \u001b[32m'/?room=ROOM123'\u001b[39m)\u001b[33m;\u001b[39m\u001b[22m\n\u001b[2m    \u001b[31m\u001b[1m>\u001b[22m\u001b[2m\u001b[39m\u001b[90m 240 |\u001b[39m     \u001b[36mawait\u001b[39m expect(\u001b[22m\n\u001b[2m     \u001b[90m     |\u001b[39m           \u001b[31m\u001b[1m^\u001b[22m\u001b[2m\u001b[39m\u001b[22m\n\u001b[2m     \u001b[90m 241 |\u001b[39m       jest\u001b[33m.\u001b[39misolateModulesAsync(\u001b[36masync\u001b[39m () \u001b[33m=>\u001b[39m {\u001b[22m\n\u001b[2m     \u001b[90m 242 |\u001b[39m         require(\u001b[32m'../public/scripts/main.js'\u001b[39m)\u001b[33m;\u001b[39m\u001b[22m\n\u001b[2m     \u001b[90m 243 |\u001b[39m         document\u001b[33m.\u001b[39mdispatchEvent(\u001b[36mnew\u001b[39m \u001b[33mEvent\u001b[39m(\u001b[32m'DOMContentLoaded'\u001b[39m))\u001b[33m;\u001b[39m\u001b[0m\u001b[22m\n\u001b[2m\u001b[22m\n\u001b[2m      \u001b[2mat expect (\u001b[22m\u001b[2mnode_modules/expect/build/index.js\u001b[2m:113:15)\u001b[22m\u001b[2m\u001b[22m\n\u001b[2m      \u001b[2mat Object.expect (\u001b[22m\u001b[2m\u001b[0m\u001b[36mtests/main.joinlink.test.ts\u001b[39m\u001b[0m\u001b[2m:240:11)\u001b[22m\u001b[2m\u001b[22m\n","name":"C:\\Top-That-Refactor\\tests\\main.joinlink.test.ts","startTime":1768775254507,"status":"failed","summary":""},{"assertionResults":[{"ancestorTitles":["Client Main Script (main.ts)"],"duration":4,"failureDetails":[{}],"failureMessages":["\u001b[1m\u001b[31mJest encountered an unexpected token\u001b[39m\u001b[22m\n\nJest failed to parse a file. This happens e.g. when your code or its dependencies use non-standard JavaScript syntax, or when Jest is not configured to support such syntax.\n\nOut of the box Jest supports Babel, which will be used to transform your files into valid JS based on your Babel configuration.\n\nBy default \"node_modules\" folder is ignored by transformers.\n\nHere's what you can do:\n • If you are trying to use ECMAScript Modules, see \u001b[4mhttps://jestjs.io/docs/ecmascript-modules\u001b[24m for how to enable it.\n • If you are trying to use TypeScript, see \u001b[4mhttps://jestjs.io/docs/getting-started#using-typescript\u001b[24m\n • To have some of your \"node_modules\" files transformed, you can specify a custom \u001b[1m\"transformIgnorePatterns\"\u001b[22m in your config.\n • If you need a custom transformation specify a \u001b[1m\"transform\"\u001b[22m option in your config.\n • If you simply want to mock your non-JS modules (e.g. binary assets) you can stub them out with the \u001b[1m\"moduleNameMapper\"\u001b[22m config option.\n\nYou'll find more details and examples of these config options in the docs:\n\u001b[36mhttps://jestjs.io/docs/configuration\u001b[39m\nFor information about custom transformations, see:\n\u001b[36mhttps://jestjs.io/docs/code-transformation\u001b[39m\n\n\u001b[1m\u001b[31mDetails:\u001b[39m\u001b[22m\n\nC:\\Top-That-Refactor\\public\\scripts\\main.ts:17\nif (import.meta.env.MODE !== 'production' || globalThis.process?.env?.NODE_ENV !== 'production') {\n           ^^^^\n\nSyntaxError: Cannot use 'import.meta' outside a module\n    at new Script (node:vm:117:7)\n    at Runtime.createScriptFromCode (C:\\Top-That-Refactor\\node_modules\\jest-runtime\\build\\index.js:1505:14)\n    at Runtime._execModule (C:\\Top-That-Refactor\\node_modules\\jest-runtime\\build\\index.js:1399:25)\n    at Runtime._loadModule (C:\\Top-That-Refactor\\node_modules\\jest-runtime\\build\\index.js:1022:12)\n    at Runtime.requireModule (C:\\Top-That-Refactor\\node_modules\\jest-runtime\\build\\index.js:882:12)\n    at Runtime.requireModuleOrMock (C:\\Top-That-Refactor\\node_modules\\jest-runtime\\build\\index.js:1048:21)\n    at require (C:\\Top-That-Refactor\\public\\scripts\\main.test.ts:99:7)\n    at C:\\Top-That-Refactor\\public\\scripts\\main.test.ts:99:7"],"fullName":"Client Main Script (main.ts) should attempt to connect with Socket.IO when loaded","invocations":1,"location":null,"numPassingAsserts":0,"retryReasons":[],"status":"failed","title":"should attempt to connect with Socket.IO when loaded"},{"ancestorTitles":["Client Main Script (main.ts)"],"duration":3,"failureDetails":[{}],"failureMessages":["\u001b[1m\u001b[31mJest encountered an unexpected token\u001b[39m\u001b[22m\n\nJest failed to parse a file. This happens e.g. when your code or its dependencies use non-standard JavaScript syntax, or when Jest is not configured to support such syntax.\n\nOut of the box Jest supports Babel, which will be used to transform your files into valid JS based on your Babel configuration.\n\nBy default \"node_modules\" folder is ignored by transformers.\n\nHere's what you can do:\n • If you are trying to use ECMAScript Modules, see \u001b[4mhttps://jestjs.io/docs/ecmascript-modules\u001b[24m for how to enable it.\n • If you are trying to use TypeScript, see \u001b[4mhttps://jestjs.io/docs/getting-started#using-typescript\u001b[24m\n • To have some of your \"node_modules\" files transformed, you can specify a custom \u001b[1m\"transformIgnorePatterns\"\u001b[22m in your config.\n • If you need a custom transformation specify a \u001b[1m\"transform\"\u001b[22m option in your config.\n • If you simply want to mock your non-JS modules (e.g. binary assets) you can stub them out with the \u001b[1m\"moduleNameMapper\"\u001b[22m config option.\n\nYou'll find more details and examples of these config options in the docs:\n\u001b[36mhttps://jestjs.io/docs/configuration\u001b[39m\nFor information about custom transformations, see:\n\u001b[36mhttps://jestjs.io/docs/code-transformation\u001b[39m\n\n\u001b[1m\u001b[31mDetails:\u001b[39m\u001b[22m\n\nC:\\Top-That-Refactor\\public\\scripts\\main.ts:17\nif (import.meta.env.MODE !== 'production' || globalThis.process?.env?.NODE_ENV !== 'production') {\n           ^^^^\n\nSyntaxError: Cannot use 'import.meta' outside a module\n    at new Script (node:vm:117:7)\n    at Runtime.createScriptFromCode (C:\\Top-That-Refactor\\node_modules\\jest-runtime\\build\\index.js:1505:14)\n    at Runtime._execModule (C:\\Top-That-Refactor\\node_modules\\jest-runtime\\build\\index.js:1399:25)\n    at Runtime._loadModule (C:\\Top-That-Refactor\\node_modules\\jest-runtime\\build\\index.js:1022:12)\n    at Runtime.requireModule (C:\\Top-That-Refactor\\node_modules\\jest-runtime\\build\\index.js:882:12)\n    at Runtime.requireModuleOrMock (C:\\Top-That-Refactor\\node_modules\\jest-runtime\\build\\index.js:1048:21)\n    at require (C:\\Top-That-Refactor\\public\\scripts\\main.test.ts:110:7)\n    at C:\\Top-That-Refactor\\public\\scripts\\main.test.ts:110:7"],"fullName":"Client Main Script (main.ts) should unhide lobby and set correct classes on DOMContentLoaded","invocations":1,"location":null,"numPassingAsserts":0,"retryReasons":[],"status":"failed","title":"should unhide lobby and set correct classes on DOMContentLoaded"},{"ancestorTitles":["Client Main Script (main.ts)"],"duration":2,"failureDetails":[{}],"failureMessages":["\u001b[1m\u001b[31mJest encountered an unexpected token\u001b[39m\u001b[22m\n\nJest failed to parse a file. This happens e.g. when your code or its dependencies use non-standard JavaScript syntax, or when Jest is not configured to support such syntax.\n\nOut of the box Jest supports Babel, which will be used to transform your files into valid JS based on your Babel configuration.\n\nBy default \"node_modules\" folder is ignored by transformers.\n\nHere's what you can do:\n • If you are trying to use ECMAScript Modules, see \u001b[4mhttps://jestjs.io/docs/ecmascript-modules\u001b[24m for how to enable it.\n • If you are trying to use TypeScript, see \u001b[4mhttps://jestjs.io/docs/getting-started#using-typescript\u001b[24m\n • To have some of your \"node_modules\" files transformed, you can specify a custom \u001b[1m\"transformIgnorePatterns\"\u001b[22m in your config.\n • If you need a custom transformation specify a \u001b[1m\"transform\"\u001b[22m option in your config.\n • If you simply want to mock your non-JS modules (e.g. binary assets) you can stub them out with the \u001b[1m\"moduleNameMapper\"\u001b[22m config option.\n\nYou'll find more details and examples of these config options in the docs:\n\u001b[36mhttps://jestjs.io/docs/configuration\u001b[39m\nFor information about custom transformations, see:\n\u001b[36mhttps://jestjs.io/docs/code-transformation\u001b[39m\n\n\u001b[1m\u001b[31mDetails:\u001b[39m\u001b[22m\n\nC:\\Top-That-Refactor\\public\\scripts\\main.ts:17\nif (import.meta.env.MODE !== 'production' || globalThis.process?.env?.NODE_ENV !== 'production') {\n           ^^^^\n\nSyntaxError: Cannot use 'import.meta' outside a module\n    at new Script (node:vm:117:7)\n    at Runtime.createScriptFromCode (C:\\Top-That-Refactor\\node_modules\\jest-runtime\\build\\index.js:1505:14)\n    at Runtime._execModule (C:\\Top-That-Refactor\\node_modules\\jest-runtime\\build\\index.js:1399:25)\n    at Runtime._loadModule (C:\\Top-That-Refactor\\node_modules\\jest-runtime\\build\\index.js:1022:12)\n    at Runtime.requireModule (C:\\Top-That-Refactor\\node_modules\\jest-runtime\\build\\index.js:882:12)\n    at Runtime.requireModuleOrMock (C:\\Top-That-Refactor\\node_modules\\jest-runtime\\build\\index.js:1048:21)\n    at require (C:\\Top-That-Refactor\\public\\scripts\\main.test.ts:122:7)\n    at C:\\Top-That-Refactor\\public\\scripts\\main.test.ts:122:7"],"fullName":"Client Main Script (main.ts) should not throw if lobby container is missing","invocations":1,"location":null,"numPassingAsserts":0,"retryReasons":[],"status":"failed","title":"should not throw if lobby container is missing"},{"ancestorTitles":["Client Main Script (main.ts)"],"duration":2,"failureDetails":[{}],"failureMessages":["\u001b[1m\u001b[31mJest encountered an unexpected token\u001b[39m\u001b[22m\n\nJest failed to parse a file. This happens e.g. when your code or its dependencies use non-standard JavaScript syntax, or when Jest is not configured to support such syntax.\n\nOut of the box Jest supports Babel, which will be used to transform your files into valid JS based on your Babel configuration.\n\nBy default \"node_modules\" folder is ignored by transformers.\n\nHere's what you can do:\n • If you are trying to use ECMAScript Modules, see \u001b[4mhttps://jestjs.io/docs/ecmascript-modules\u001b[24m for how to enable it.\n • If you are trying to use TypeScript, see \u001b[4mhttps://jestjs.io/docs/getting-started#using-typescript\u001b[24m\n • To have some of your \"node_modules\" files transformed, you can specify a custom \u001b[1m\"transformIgnorePatterns\"\u001b[22m in your config.\n • If you need a custom transformation specify a \u001b[1m\"transform\"\u001b[22m option in your config.\n • If you simply want to mock your non-JS modules (e.g. binary assets) you can stub them out with the \u001b[1m\"moduleNameMapper\"\u001b[22m config option.\n\nYou'll find more details and examples of these config options in the docs:\n\u001b[36mhttps://jestjs.io/docs/configuration\u001b[39m\nFor information about custom transformations, see:\n\u001b[36mhttps://jestjs.io/docs/code-transformation\u001b[39m\n\n\u001b[1m\u001b[31mDetails:\u001b[39m\u001b[22m\n\nC:\\Top-That-Refactor\\public\\scripts\\main.ts:17\nif (import.meta.env.MODE !== 'production' || globalThis.process?.env?.NODE_ENV !== 'production') {\n           ^^^^\n\nSyntaxError: Cannot use 'import.meta' outside a module\n    at new Script (node:vm:117:7)\n    at Runtime.createScriptFromCode (C:\\Top-That-Refactor\\node_modules\\jest-runtime\\build\\index.js:1505:14)\n    at Runtime._execModule (C:\\Top-That-Refactor\\node_modules\\jest-runtime\\build\\index.js:1399:25)\n    at Runtime._loadModule (C:\\Top-That-Refactor\\node_modules\\jest-runtime\\build\\index.js:1022:12)\n    at Runtime.requireModule (C:\\Top-That-Refactor\\node_modules\\jest-runtime\\build\\index.js:882:12)\n    at Runtime.requireModuleOrMock (C:\\Top-That-Refactor\\node_modules\\jest-runtime\\build\\index.js:1048:21)\n    at require (C:\\Top-That-Refactor\\public\\scripts\\main.test.ts:134:7)\n    at C:\\Top-That-Refactor\\public\\scripts\\main.test.ts:134:7"],"fullName":"Client Main Script (main.ts) should not run join link logic if already in-session","invocations":1,"location":null,"numPassingAsserts":0,"retryReasons":[],"status":"failed","title":"should not run join link logic if already in-session"},{"ancestorTitles":["Client Main Script (main.ts)"],"duration":2,"failureDetails":[{}],"failureMessages":["\u001b[1m\u001b[31mJest encountered an unexpected token\u001b[39m\u001b[22m\n\nJest failed to parse a file. This happens e.g. when your code or its dependencies use non-standard JavaScript syntax, or when Jest is not configured to support such syntax.\n\nOut of the box Jest supports Babel, which will be used to transform your files into valid JS based on your Babel configuration.\n\nBy default \"node_modules\" folder is ignored by transformers.\n\nHere's what you can do:\n • If you are trying to use ECMAScript Modules, see \u001b[4mhttps://jestjs.io/docs/ecmascript-modules\u001b[24m for how to enable it.\n • If you are trying to use TypeScript, see \u001b[4mhttps://jestjs.io/docs/getting-started#using-typescript\u001b[24m\n • To have some of your \"node_modules\" files transformed, you can specify a custom \u001b[1m\"transformIgnorePatterns\"\u001b[22m in your config.\n • If you need a custom transformation specify a \u001b[1m\"transform\"\u001b[22m option in your config.\n • If you simply want to mock your non-JS modules (e.g. binary assets) you can stub them out with the \u001b[1m\"moduleNameMapper\"\u001b[22m config option.\n\nYou'll find more details and examples of these config options in the docs:\n\u001b[36mhttps://jestjs.io/docs/configuration\u001b[39m\nFor information about custom transformations, see:\n\u001b[36mhttps://jestjs.io/docs/code-transformation\u001b[39m\n\n\u001b[1m\u001b[31mDetails:\u001b[39m\u001b[22m\n\nC:\\Top-That-Refactor\\public\\scripts\\main.ts:17\nif (import.meta.env.MODE !== 'production' || globalThis.process?.env?.NODE_ENV !== 'production') {\n           ^^^^\n\nSyntaxError: Cannot use 'import.meta' outside a module\n    at new Script (node:vm:117:7)\n    at Runtime.createScriptFromCode (C:\\Top-That-Refactor\\node_modules\\jest-runtime\\build\\index.js:1505:14)\n    at Runtime._execModule (C:\\Top-That-Refactor\\node_modules\\jest-runtime\\build\\index.js:1399:25)\n    at Runtime._loadModule (C:\\Top-That-Refactor\\node_modules\\jest-runtime\\build\\index.js:1022:12)\n    at Runtime.requireModule (C:\\Top-That-Refactor\\node_modules\\jest-runtime\\build\\index.js:882:12)\n    at Runtime.requireModuleOrMock (C:\\Top-That-Refactor\\node_modules\\jest-runtime\\build\\index.js:1048:21)\n    at require (C:\\Top-That-Refactor\\public\\scripts\\main.test.ts:148:7)\n    at C:\\Top-That-Refactor\\public\\scripts\\main.test.ts:148:7"],"fullName":"Client Main Script (main.ts) should not throw if in-session modal is missing","invocations":1,"location":null,"numPassingAsserts":0,"retryReasons":[],"status":"failed","title":"should not throw if in-session modal is missing"},{"ancestorTitles":["Client Main Script (main.ts)"],"duration":2,"failureDetails":[{}],"failureMessages":["\u001b[1m\u001b[31mJest encountered an unexpected token\u001b[39m\u001b[22m\n\nJest failed to parse a file. This happens e.g. when your code or its dependencies use non-standard JavaScript syntax, or when Jest is not configured to support such syntax.\n\nOut of the box Jest supports Babel, which will be used to transform your files into valid JS based on your Babel configuration.\n\nBy default \"node_modules\" folder is ignored by transformers.\n\nHere's what you can do:\n • If you are trying to use ECMAScript Modules, see \u001b[4mhttps://jestjs.io/docs/ecmascript-modules\u001b[24m for how to enable it.\n • If you are trying to use TypeScript, see \u001b[4mhttps://jestjs.io/docs/getting-started#using-typescript\u001b[24m\n • To have some of your \"node_modules\" files transformed, you can specify a custom \u001b[1m\"transformIgnorePatterns\"\u001b[22m in your config.\n • If you need a custom transformation specify a \u001b[1m\"transform\"\u001b[22m option in your config.\n • If you simply want to mock your non-JS modules (e.g. binary assets) you can stub them out with the \u001b[1m\"moduleNameMapper\"\u001b[22m config option.\n\nYou'll find more details and examples of these config options in the docs:\n\u001b[36mhttps://jestjs.io/docs/configuration\u001b[39m\nFor information about custom transformations, see:\n\u001b[36mhttps://jestjs.io/docs/code-transformation\u001b[39m\n\n\u001b[1m\u001b[31mDetails:\u001b[39m\u001b[22m\n\nC:\\Top-That-Refactor\\public\\scripts\\main.ts:17\nif (import.meta.env.MODE !== 'production' || globalThis.process?.env?.NODE_ENV !== 'production') {\n           ^^^^\n\nSyntaxError: Cannot use 'import.meta' outside a module\n    at new Script (node:vm:117:7)\n    at Runtime.createScriptFromCode (C:\\Top-That-Refactor\\node_modules\\jest-runtime\\build\\index.js:1505:14)\n    at Runtime._execModule (C:\\Top-That-Refactor\\node_modules\\jest-runtime\\build\\index.js:1399:25)\n    at Runtime._loadModule (C:\\Top-That-Refactor\\node_modules\\jest-runtime\\build\\index.js:1022:12)\n    at Runtime.requireModule (C:\\Top-That-Refactor\\node_modules\\jest-runtime\\build\\index.js:882:12)\n    at Runtime.requireModuleOrMock (C:\\Top-That-Refactor\\node_modules\\jest-runtime\\build\\index.js:1048:21)\n    at require (C:\\Top-That-Refactor\\public\\scripts\\main.test.ts:157:7)\n    at C:\\Top-That-Refactor\\public\\scripts\\main.test.ts:157:7"],"fullName":"Client Main Script (main.ts) removes inline styles from player icons and observes DOM changes","invocations":1,"location":null,"numPassingAsserts":0,"retryReasons":[],"status":"failed","title":"removes inline styles from player icons and observes DOM changes"}],"endTime":1768775255065,"message":"\u001b[1m\u001b[31m  \u001b[1m● \u001b[22m\u001b[1mClient Main Script (main.ts) › should attempt to connect with Socket.IO when loaded\u001b[39m\u001b[22m\n\n    \u001b[1m\u001b[31mJest encountered an unexpected token\u001b[39m\u001b[22m\n\n    Jest failed to parse a file. This happens e.g. when your code or its dependencies use non-standard JavaScript syntax, or when Jest is not configured to support such syntax.\n\n    Out of the box Jest supports Babel, which will be used to transform your files into valid JS based on your Babel configuration.\n\n    By default \"node_modules\" folder is ignored by transformers.\n\n    Here's what you can do:\n     • If you are trying to use ECMAScript Modules, see \u001b[4mhttps://jestjs.io/docs/ecmascript-modules\u001b[24m for how to enable it.\n     • If you are trying to use TypeScript, see \u001b[4mhttps://jestjs.io/docs/getting-started#using-typescript\u001b[24m\n     • To have some of your \"node_modules\" files transformed, you can specify a custom \u001b[1m\"transformIgnorePatterns\"\u001b[22m in your config.\n     • If you need a custom transformation specify a \u001b[1m\"transform\"\u001b[22m option in your config.\n     • If you simply want to mock your non-JS modules (e.g. binary assets) you can stub them out with the \u001b[1m\"moduleNameMapper\"\u001b[22m config option.\n\n    You'll find more details and examples of these config options in the docs:\n    \u001b[36mhttps://jestjs.io/docs/configuration\u001b[39m\n    For information about custom transformations, see:\n    \u001b[36mhttps://jestjs.io/docs/code-transformation\u001b[39m\n\n    \u001b[1m\u001b[31mDetails:\u001b[39m\u001b[22m\n\n    C:\\Top-That-Refactor\\public\\scripts\\main.ts:17\n    if (import.meta.env.MODE !== 'production' || globalThis.process?.env?.NODE_ENV !== 'production') {\n               ^^^^\n\n    SyntaxError: Cannot use 'import.meta' outside a module\n\u001b[2m\u001b[22m\n\u001b[2m    \u001b[0m \u001b[90m  97 |\u001b[39m     \u001b[36mconst\u001b[39m stateModule \u001b[33m=\u001b[39m \u001b[36mawait\u001b[39m \u001b[36mimport\u001b[39m(\u001b[32m'./state.js'\u001b[39m)\u001b[33m;\u001b[39m\u001b[22m\n\u001b[2m     \u001b[90m  98 |\u001b[39m     \u001b[36mawait\u001b[39m jest\u001b[33m.\u001b[39misolateModulesAsync(\u001b[36masync\u001b[39m () \u001b[33m=>\u001b[39m {\u001b[22m\n\u001b[2m    \u001b[31m\u001b[1m>\u001b[22m\u001b[2m\u001b[39m\u001b[90m  99 |\u001b[39m       \u001b[36mawait\u001b[39m \u001b[36mimport\u001b[39m(\u001b[32m'./main.js'\u001b[39m)\u001b[33m;\u001b[39m\u001b[22m\n\u001b[2m     \u001b[90m     |\u001b[39m       \u001b[31m\u001b[1m^\u001b[22m\u001b[2m\u001b[39m\u001b[22m\n\u001b[2m     \u001b[90m 100 |\u001b[39m       document\u001b[33m.\u001b[39mdispatchEvent(\u001b[36mnew\u001b[39m \u001b[33mEvent\u001b[39m(\u001b[32m'DOMContentLoaded'\u001b[39m))\u001b[33m;\u001b[39m\u001b[22m\n\u001b[2m     \u001b[90m 101 |\u001b[39m       \u001b[36mawait\u001b[39m \u001b[33mPromise\u001b[39m\u001b[33m.\u001b[39mresolve()\u001b[33m;\u001b[39m\u001b[22m\n\u001b[2m     \u001b[90m 102 |\u001b[39m     })\u001b[33m;\u001b[39m\u001b[0m\u001b[22m\n\u001b[2m\u001b[22m\n\u001b[2m      \u001b[2mat Runtime.createScriptFromCode (\u001b[22m\u001b[2mnode_modules/jest-runtime/build/index.js\u001b[2m:1505:14)\u001b[22m\u001b[2m\u001b[22m\n\u001b[2m      \u001b[2mat require (\u001b[22m\u001b[2m\u001b[0m\u001b[36mpublic/scripts/main.test.ts\u001b[39m\u001b[0m\u001b[2m:99:7)\u001b[22m\u001b[2m\u001b[22m\n\u001b[2m      \u001b[2mat \u001b[22m\u001b[2m\u001b[0m\u001b[36mpublic/scripts/main.test.ts\u001b[39m\u001b[0m\u001b[2m:99:7\u001b[22m\u001b[2m\u001b[22m\n\n\u001b[1m\u001b[31m  \u001b[1m● \u001b[22m\u001b[1mClient Main Script (main.ts) › should unhide lobby and set correct classes on DOMContentLoaded\u001b[39m\u001b[22m\n\n    \u001b[1m\u001b[31mJest encountered an unexpected token\u001b[39m\u001b[22m\n\n    Jest failed to parse a file. This happens e.g. when your code or its dependencies use non-standard JavaScript syntax, or when Jest is not configured to support such syntax.\n\n    Out of the box Jest supports Babel, which will be used to transform your files into valid JS based on your Babel configuration.\n\n    By default \"node_modules\" folder is ignored by transformers.\n\n    Here's what you can do:\n     • If you are trying to use ECMAScript Modules, see \u001b[4mhttps://jestjs.io/docs/ecmascript-modules\u001b[24m for how to enable it.\n     • If you are trying to use TypeScript, see \u001b[4mhttps://jestjs.io/docs/getting-started#using-typescript\u001b[24m\n     • To have some of your \"node_modules\" files transformed, you can specify a custom \u001b[1m\"transformIgnorePatterns\"\u001b[22m in your config.\n     • If you need a custom transformation specify a \u001b[1m\"transform\"\u001b[22m option in your config.\n     • If you simply want to mock your non-JS modules (e.g. binary assets) you can stub them out with the \u001b[1m\"moduleNameMapper\"\u001b[22m config option.\n\n    You'll find more details and examples of these config options in the docs:\n    \u001b[36mhttps://jestjs.io/docs/configuration\u001b[39m\n    For information about custom transformations, see:\n    \u001b[36mhttps://jestjs.io/docs/code-transformation\u001b[39m\n\n    \u001b[1m\u001b[31mDetails:\u001b[39m\u001b[22m\n\n    C:\\Top-That-Refactor\\public\\scripts\\main.ts:17\n    if (import.meta.env.MODE !== 'production' || globalThis.process?.env?.NODE_ENV !== 'production') {\n               ^^^^\n\n    SyntaxError: Cannot use 'import.meta' outside a module\n\u001b[2m\u001b[22m\n\u001b[2m    \u001b[0m \u001b[90m 108 |\u001b[39m     setupMainDOM()\u001b[33m;\u001b[39m\u001b[22m\n\u001b[2m     \u001b[90m 109 |\u001b[39m     \u001b[36mawait\u001b[39m jest\u001b[33m.\u001b[39misolateModulesAsync(\u001b[36masync\u001b[39m () \u001b[33m=>\u001b[39m {\u001b[22m\n\u001b[2m    \u001b[31m\u001b[1m>\u001b[22m\u001b[2m\u001b[39m\u001b[90m 110 |\u001b[39m       \u001b[36mawait\u001b[39m \u001b[36mimport\u001b[39m(\u001b[32m'./main.js'\u001b[39m)\u001b[33m;\u001b[39m\u001b[22m\n\u001b[2m     \u001b[90m     |\u001b[39m       \u001b[
[...]
yReasons":[],"status":"passed","title":"clearPile moves pile to discard and resets pile and lastRealCard"},{"ancestorTitles":["GameState"],"duration":0,"failureDetails":[],"failureMessages":[],"fullName":"GameState clearPile on empty pile does not throw and does not affect discard","invocations":1,"location":null,"numPassingAsserts":2,"retryReasons":[],"status":"passed","title":"clearPile on empty pile does not throw and does not affect discard"},{"ancestorTitles":["GameState"],"duration":0,"failureDetails":[],"failureMessages":[],"fullName":"GameState clearPile does not mutate the original pile array","invocations":1,"location":null,"numPassingAsserts":1,"retryReasons":[],"status":"passed","title":"clearPile does not mutate the original pile array"},{"ancestorTitles":["GameState","isFourOfAKindOnPile"],"duration":0,"failureDetails":[],"failureMessages":[],"fullName":"GameState isFourOfAKindOnPile returns true if top 4 cards have the same value property","invocations":1,"location":null,"numPassingAsserts":1,"retryReasons":[],"status":"passed","title":"returns true if top 4 cards have the same value property"},{"ancestorTitles":["GameState","isFourOfAKindOnPile"],"duration":0,"failureDetails":[],"failureMessages":[],"fullName":"GameState isFourOfAKindOnPile returns false if less than 4 cards on pile","invocations":1,"location":null,"numPassingAsserts":1,"retryReasons":[],"status":"passed","title":"returns false if less than 4 cards on pile"},{"ancestorTitles":["GameState","isFourOfAKindOnPile"],"duration":0,"failureDetails":[],"failureMessages":[],"fullName":"GameState isFourOfAKindOnPile returns false if top 4 are not four of a kind by value","invocations":1,"location":null,"numPassingAsserts":1,"retryReasons":[],"status":"passed","title":"returns false if top 4 are not four of a kind by value"},{"ancestorTitles":["GameState","isFourOfAKindOnPile"],"duration":0,"failureDetails":[],"failureMessages":[],"fullName":"GameState isFourOfAKindOnPile isFourOfAKindOnPile directly compares values, not normalized values","invocations":1,"location":null,"numPassingAsserts":2,"retryReasons":[],"status":"passed","title":"isFourOfAKindOnPile directly compares values, not normalized values"},{"ancestorTitles":["GameState","isFourOfAKindOnPile parameterized"],"duration":0,"failureDetails":[],"failureMessages":[],"fullName":"GameState isFourOfAKindOnPile parameterized returns [ [Object], [Object], [Object], [Object] ] for true","invocations":1,"location":null,"numPassingAsserts":1,"retryReasons":[],"status":"passed","title":"returns [ [Object], [Object], [Object], [Object] ] for true"},{"ancestorTitles":["GameState","isFourOfAKindOnPile parameterized"],"duration":0,"failureDetails":[],"failureMessages":[],"fullName":"GameState isFourOfAKindOnPile parameterized returns [ [Object], [Object], [Object], [Object] ] for true","invocations":1,"location":null,"numPassingAsserts":1,"retryReasons":[],"status":"passed","title":"returns [ [Object], [Object], [Object], [Object] ] for true"},{"ancestorTitles":["GameState","isFourOfAKindOnPile parameterized"],"duration":1,"failureDetails":[],"failureMessages":[],"fullName":"GameState isFourOfAKindOnPile parameterized returns [ [Object], [Object], [Object], [Object] ] for false","invocations":1,"location":null,"numPassingAsserts":1,"retryReasons":[],"status":"passed","title":"returns [ [Object], [Object], [Object], [Object] ] for false"},{"ancestorTitles":["GameState","isFourOfAKindOnPile parameterized"],"duration":0,"failureDetails":[],"failureMessages":[],"fullName":"GameState isFourOfAKindOnPile parameterized returns [ [Object], [Object], [Object], [Object] ] for false","invocations":1,"location":null,"numPassingAsserts":1,"retryReasons":[],"status":"passed","title":"returns [ [Object], [Object], [Object], [Object] ] for false"},{"ancestorTitles":["GameState","isFourOfAKindOnPile parameterized"],"duration":0,"failureDetails":[],"failureMessages":[],"fullName":"GameState isFourOfAKindOnPile parameterized returns [ [Object], [Object], [Object] ] for false","invocations":1,"location":null,"numPassingAsserts":1,"retryReasons":[],"status":"passed","title":"returns [ [Object], [Object], [Object] ] for false"},{"ancestorTitles":["GameState","isValidPlay parameterized"],"duration":0,"failureDetails":[],"failureMessages":[],"fullName":"GameState isValidPlay parameterized returns [] for false","invocations":1,"location":null,"numPassingAsserts":1,"retryReasons":[],"status":"passed","title":"returns [] for false"},{"ancestorTitles":["GameState","isValidPlay parameterized"],"duration":0,"failureDetails":[],"failureMessages":[],"fullName":"GameState isValidPlay parameterized returns null for false","invocations":1,"location":null,"numPassingAsserts":1,"retryReasons":[],"status":"passed","title":"returns null for false"},{"ancestorTitles":["GameState","isValidPlay parameterized"],"duration":1,"failureDetails":[],"failureMessages":[],"fullName":"GameState isValidPlay parameterized returns [ [Object] ] for true","invocations":1,"location":null,"numPassingAsserts":1,"retryReasons":[],"status":"passed","title":"returns [ [Object] ] for true"},{"ancestorTitles":["GameState","isValidPlay parameterized"],"duration":0,"failureDetails":[],"failureMessages":[],"fullName":"GameState isValidPlay parameterized returns [ [Object], [Object] ] for true","invocations":1,"location":null,"numPassingAsserts":1,"retryReasons":[],"status":"passed","title":"returns [ [Object], [Object] ] for true"},{"ancestorTitles":["GameState","isValidPlay parameterized"],"duration":0,"failureDetails":[],"failureMessages":[],"fullName":"GameState isValidPlay parameterized returns [ [Object], [Object] ] for false","invocations":1,"location":null,"numPassingAsserts":1,"retryReasons":[],"status":"passed","title":"returns [ [Object], [Object] ] for false"},{"ancestorTitles":["GameState"],"duration":0,"failureDetails":[],"failureMessages":[],"fullName":"GameState isValidPlay allows four of a kind to burn any pile","invocations":1,"location":null,"numPassingAsserts":1,"retryReasons":[],"status":"passed","title":"isValidPlay allows four of a kind to burn any pile"},{"ancestorTitles":["GameState"],"duration":0,"failureDetails":[],"failureMessages":[],"fullName":"GameState isValidPlay rejects lower pairs against higher pile","invocations":1,"location":null,"numPassingAsserts":1,"retryReasons":[],"status":"passed","title":"isValidPlay rejects lower pairs against higher pile"},{"ancestorTitles":["GameState"],"duration":1,"failureDetails":[],"failureMessages":[],"fullName":"GameState lastRealCard updates after addToPile and resets after clearPile","invocations":1,"location":null,"numPassingAsserts":3,"retryReasons":[],"status":"passed","title":"lastRealCard updates after addToPile and resets after clearPile"},{"ancestorTitles":["GameState"],"duration":0,"failureDetails":[],"failureMessages":[],"fullName":"GameState state after sequence: add, clear, add, check pile/discard/lastRealCard","invocations":1,"location":null,"numPassingAsserts":6,"retryReasons":[],"status":"passed","title":"state after sequence: add, clear, add, check pile/discard/lastRealCard"}],"endTime":1768775256057,"message":"","name":"C:\\Top-That-Refactor\\tests\\gameState.test.ts","startTime":1768775256015,"status":"passed","summary":""},{"assertionResults":[{"ancestorTitles":["socketService"],"duration":2,"failureDetails":[],"failureMessages":[],"fullName":"socketService registers socket event handlers and calls UI functions","invocations":1,"location":null,"numPassingAsserts":8,"retryReasons":[],"status":"passed","title":"registers socket event handlers and calls UI functions"},{"ancestorTitles":["socketService"],"duration":0,"failureDetails":[],"failureMessages":[],"fullName":"socketService calls showLobbyForm if not rejoining on connect","invocations":1,"location":null,"numPassingAsserts":1,"retryReasons":[],"status":"passed","title":"calls showLobbyForm if not rejoining on connect"},{"ancestorTitles":["socketService"],"duration":1,"failureDetails":[],"failureMessages":[],"fullName":"socketService calls renderGameState and showGameTable on STATE_UPDATE","invocations":1,"location":null,"numPassingAsserts":3,"retryReasons":[],"status":"passed","title":"calls renderGameState and showGameTable on STATE_UPDATE"},{"ancestorTitles":["socketService"],"duration":0,"failureDetails":[],"failureMessages":[],"fullName":"socketService shows the game table when GAME_STARTED fires","invocations":1,"location":null,"numPassingAsserts":1,"retryReasons":[],"status":"passed","title":"shows the game table when GAME_STARTED fires"},{"ancestorTitles":["socketService"],"duration":1,"failureDetails":[],"failureMessages":[],"fullName":"socketService recovers from ERROR event during gameplay","invocations":1,"location":null,"numPassingAsserts":6,"retryReasons":[],"status":"passed","title":"recovers from ERROR event during gameplay"},{"ancestorTitles":["socketService"],"duration":0,"failureDetails":[],"failureMessages":[],"fullName":"socketService resets session on session-error event","invocations":1,"location":null,"numPassingAsserts":5,"retryReasons":[],"status":"passed","title":"resets session on session-error event"}],"endTime":1768775256102,"message":"","name":"C:\\Top-That-Refactor\\public\\scripts\\socketService.test.ts","startTime":1768775256061,"status":"passed","summary":""},{"assertionResults":[{"ancestorTitles":["Player model"],"duration":0,"failureDetails":[],"failureMessages":[],"fullName":"Player model initializes with an id and empty card arrays","invocations":1,"location":null,"numPassingAsserts":7,"retryReasons":[],"status":"passed","title":"initializes with an id and empty card arrays"},{"ancestorTitles":["Player model"],"duration":0,"failureDetails":[],"failureMessages":[],"fullName":"Player model setHand replaces hand and sorts it","invocations":1,"location":null,"numPassingAsserts":1,"retryReasons":[],"status":"passed","title":"setHand replaces hand and sorts it"},{"ancestorTitles":["Player model"],"duration":0,"failureDetails":[],"failureMessages":[],"fullName":"Player model setUpCards replaces upCards","invocations":1,"location":null,"numPassingAsserts":1,"retryReasons":[],"status":"passed","title":"setUpCards replaces upCards"},{"ancestorTitles":["Player model"],"duration":0,"failureDetails":[],"failureMessages":[],"fullName":"Player model setDownCards replaces downCards","invocations":1,"location":null,"numPassingAsserts":1,"retryReasons":[],"status":"passed","title":"setDownCards replaces downCards"},{"ancestorTitles":["Player model"],"duration":0,"failureDetails":[],"failureMessages":[],"fullName":"Player model setHand does not mutate the original array","invocations":1,"location":null,"numPassingAsserts":1,"retryReasons":[],"status":"passed","title":"setHand does not mutate the original array"},{"ancestorTitles":["Player model"],"duration":0,"failureDetails":[],"failureMessages":[],"fullName":"Player model setUpCards does not mutate the original array","invocations":1,"location":null,"numPassingAsserts":1,"retryReasons":[],"status":"passed","title":"setUpCards does not mutate the original array"},{"ancestorTitles":["Player model"],"duration":0,"failureDetails":[],"failureMessages":[],"fullName":"Player model setDownCards does not mutate the original array","invocations":1,"location":null,"numPassingAsserts":1,"retryReasons":[],"status":"passed","title":"setDownCards does not mutate the original array"},{"ancestorTitles":["Player model","playing cards"],"duration":0,"failureDetails":[],"failureMessages":[],"fullName":"Player model playing cards playFromHand removes and returns card from hand","invocations":1,"location":null,"numPassingAsserts":2,"retryReasons":[],"status":"passed","title":"playFromHand removes and returns card from hand"},{"ancestorTitles":["Player model","playing cards"],"duration":0,"failureDetails":[],"failureMessages":[],"fullName":"Player model playing cards playUpCard removes and returns card from upCards","invocations":1,"location":null,"numPassingAsserts":2,"retryReasons":[],"status":"passed","title":"playUpCard removes and returns card from upCards"},{"ancestorTitles":["Player model","playing cards"],"duration":0,"failureDetails":[],"failureMessages":[],"fullName":"Player model playing cards playDownCard removes and returns a random card from downCards","invocations":1,"location":null,"numPassingAsserts":2,"retryReasons":[],"status":"passed","title":"playDownCard removes and returns a random card from downCards"},{"ancestorTitles":["Player model"],"duration":0,"failureDetails":[],"failureMessages":[],"fullName":"Player model pickUpPile adds cards to hand and re-sorts","invocations":1,"location":null,"numPassingAsserts":1,"retryReasons":[],"status":"passed","title":"pickUpPile adds cards to hand and re-sorts"},{"ancestorTitles":["Player model"],"duration":0,"failureDetails":[],"failureMessages":[],"fullName":"Player model pickUpPile with empty pile does not change hand","invocations":1,"location":null,"numPassingAsserts":1,"retryReasons":[],"status":"passed","title":"pickUpPile with empty pile does not change hand"},{"ancestorTitles":["Player model"],"duration":0,"failureDetails":[],"failureMessages":[],"fullName":"Player model pickUpPile with duplicate cards adds and sorts correctly","invocations":1,"location":null,"numPassingAsserts":1,"retryReasons":[],"status":"passed","title":"pickUpPile with duplicate cards adds and sorts correctly"},{"ancestorTitles":["Player model"],"duration":0,"failureDetails":[],"failureMessages":[],"fullName":"Player model pickUpPile with special cards (2, 10, 5) sorts them by rank","invocations":1,"location":null,"numPassingAsserts":1,"retryReasons":[],"status":"passed","title":"pickUpPile with special cards (2, 10, 5) sorts them by rank"},{"ancestorTitles":["Player model","empty checks"],"duration":0,"failureDetails":[],"failureMessages":[],"fullName":"Player model empty checks hasEmptyHand","invocations":1,"location":null,"numPassingAsserts":2,"retryReasons":[],"status":"passed","title":"hasEmptyHand"},{"ancestorTitles":["Player model","empty checks"],"duration":0,"failureDetails":[],"failureMessages":[],"fullName":"Player model empty checks hasEmptyUp","invocations":1,"location":null,"numPassingAsserts":2,"retryReasons":[],"status":"passed","title":"hasEmptyUp"},{"ancestorTitles":["Player model","empty checks"],"duration":1,"failureDetails":[],"failureMessages":[],"fullName":"Player model empty checks hasEmptyDown","invocations":1,"location":null,"numPassingAsserts":2,"retryReasons":[],"status":"passed","title":"hasEmptyDown"},{"ancestorTitles":["Player model"],"duration":0,"failureDetails":[],"failureMessages":[],"fullName":"Player model can set and get socketId","invocations":1,"location":null,"numPassingAsserts":2,"retryReasons":[],"status":"passed","title":"can set and get socketId"},{"ancestorTitles":["Player model"],"duration":0,"failureDetails":[],"failureMessages":[],"fullName":"Player model can set and get status and ready properties","invocations":1,"location":null,"numPassingAsserts":6,"retryReasons":[],"status":"passed","title":"can set and get status and ready properties"},{"ancestorTitles":["Player model","Player card play edge cases"],"duration":1,"failureDetails":[],"failureMessages":[],"fullName":"Player model Player card play edge cases playFromHand returns undefined for invalid index","invocations":1,"location":null,"numPassingAsserts":2,"retryReasons":[],"status":"passed","title":"playFromHand returns undefined for invalid index"},{"ancestorTitles":["Player model","Player card play edge cases"],"duration":0,"failureDetails":[],"failureMessages":[],"fullName":"Player model Player card play edge cases playUpCard returns undefined for invalid index","invocations":1,"location":null,"numPassingAsserts":2,"retryReasons":[],"status":"passed","title":"playUpCard returns undefined for invalid index"},{"ancestorTitles":["Player model","Player card play edge cases"],"duration":0,"failureDetails":[],"failureMessages":[],"fullName":"Player model Player card play edge cases playDownCard returns undefined if downCards is empty","invocations":1,"location":null,"numPassingAsserts":1,"retryReasons":[],"status":"passed","title":"playDownCard returns undefined if downCards is empty"}],"endTime":1768775256143,"message":"","name":"C:\\Top-That-Refactor\\tests\\player.test.ts","startTime":1768775256106,"status":"passed","summary":""},{"assertionResults":[{"ancestorTitles":["uiHelpers"],"duration":2,"failureDetails":[],"failureMessages":[],"fullName":"uiHelpers showGameOverMessage displays win message and attaches play again handler","invocations":1,"location":null,"numPassingAsserts":3,"retryReasons":[],"status":"passed","title":"showGameOverMessage displays win message and attaches play again handler"},{"ancestorTitles":["uiHelpers"],"duration":1,"failureDetails":[],"failureMessages":[],"fullName":"uiHelpers showGameOverMessage displays loss message with winner name","invocations":1,"location":null,"numPassingAsserts":2,"retryReasons":[],"status":"passed","title":"showGameOverMessage displays loss message with winner name"},{"ancestorTitles":["uiHelpers"],"duration":1,"failureDetails":[],"failureMessages":[],"fullName":"uiHelpers validateName returns name if valid","invocations":1,"location":null,"numPassingAsserts":1,"retryReasons":[],"status":"passed","title":"validateName returns name if valid"},{"ancestorTitles":["uiHelpers"],"duration":0,"failureDetails":[],"failureMessages":[],"fullName":"uiHelpers validateName returns null and alerts if name is invalid","invocations":1,"location":null,"numPassingAsserts":2,"retryReasons":[],"status":"passed","title":"validateName returns null and alerts if name is invalid"},{"ancestorTitles":["uiHelpers"],"duration":2,"failureDetails":[],"failureMessages":[],"fullName":"uiHelpers showToast displays a toast and removes it after timeout","invocations":1,"location":null,"numPassingAsserts":3,"retryReasons":[],"status":"passed","title":"showToast displays a toast and removes it after timeout"}],"endTime":1768775256183,"message":"","name":"C:\\Top-That-Refactor\\tests\\public\\scripts\\uiHelpers.test.ts","startTime":1768775256147,"status":"passed","summary":""},{"assertionResults":[{"ancestorTitles":["Special Card Rules"],"duration":2,"failureDetails":[],"failureMessages":[],"fullName":"Special Card Rules 2 resets the pile without clearing it","invocations":1,"location":null,"numPassingAsserts":3,"retryReasons":[],"status":"passed","title":"2 resets the pile without clearing it"},{"ancestorTitles":["Special Card Rules"],"duration":0,"failureDetails":[],"failureMessages":[],"fullName":"Special Card Rules 5 copies the last real card onto the pile","invocations":1,"location":null,"numPassingAsserts":4,"retryReasons":[],"status":"passed","title":"5 copies the last real card onto the pile"},{"ancestorTitles":["Special Card Rules"],"duration":1,"failureDetails":[],"failureMessages":[],"fullName":"Special Card Rules 5 copies a 10 and burns the pile","invocations":1,"location":null,"numPassingAsserts":4,"retryReasons":[],"status":"passed","title":"5 copies a 10 and burns the pile"},{"ancestorTitles":["Special Card Rules"],"duration":1,"failureDetails":[],"failureMessages":[],"fullName":"Special Card Rules 10 burns the pile and removes it from the game","invocations":1,"location":null,"numPassingAsserts":4,"retryReasons":[],"status":"passed","title":"10 burns the pile and removes it from the game"},{"ancestorTitles":["Special Card Rules"],"duration":0,"failureDetails":[],"failureMessages":[],"fullName":"Special Card Rules four of a kind burns even when lower than the pile","invocations":1,"location":null,"numPassingAsserts":4,"retryReasons":[],"status":"passed","title":"four of a kind burns even when lower than the pile"}],"endTime":1768775256222,"message":"","name":"C:\\Top-That-Refactor\\tests\\specialCardRules.test.ts","startTime":1768775256187,"status":"passed","summary":""}],"wasInterrupted":false}
